#
# A fatal error has been detected by the Java Runtime Environment:
#
#  EXCEPTION_ACCESS_VIOLATION (0xc0000005) at pc=0x00007ffc2ac13847, pid=22688, tid=2060
#
# JRE version: OpenJDK Runtime Environment Temurin-17.0.8.1+1 (17.0.8.1+1) (build 17.0.8.1+1)
# Java VM: OpenJDK 64-Bit Server VM Temurin-17.0.8.1+1 (17.0.8.1+1, mixed mode, tiered, compressed oops, compressed class ptrs, g1 gc, windows-amd64)
# Problematic frame:
# C  [jniortools.dll+0x13847]
#
# No core dump will be written. Minidumps are not enabled by default on client versions of Windows
#
# If you would like to submit a bug report, please visit:
#   https://github.com/adoptium/adoptium-support/issues
# The crash happened outside the Java Virtual Machine in native code.
# See problematic frame for where to report the bug.
#

---------------  S U M M A R Y ------------

Command Line: -Dfile.encoding=UTF-8 -XX:+ShowCodeDetailsInExceptionMessages com.google.ortools.java.CapacitatedVehicleRoutingProblemWithTimeWindows

Host: 11th Gen Intel(R) Core(TM) i5-11400H @ 2.70GHz, 12 cores, 7G,  Windows 11 , 64 bit Build 22621 (10.0.22621.2215)
Time: Tue Oct  3 08:58:42 2023 Hora oficial do Brasil elapsed time: 1.156893 seconds (0d 0h 0m 1s)

---------------  T H R E A D  ---------------

Current thread (0x000002251e6387f0):  JavaThread "main" [_thread_in_native, id=2060, stack(0x000000c241900000,0x000000c241a00000)]

Stack: [0x000000c241900000,0x000000c241a00000],  sp=0x000000c2419ff040,  free space=1020k
Native frames: (J=compiled Java code, j=interpreted, Vv=VM code, C=native code)
C  [jniortools.dll+0x13847]

Java frames: (J=compiled Java code, j=interpreted, Vv=VM code)
j  com.google.ortools.constraintsolver.mainJNI.new_RoutingModel__SWIG_0(JLcom/google/ortools/constraintsolver/RoutingIndexManager;)J+0
j  com.google.ortools.constraintsolver.RoutingModel.<init>(Lcom/google/ortools/constraintsolver/RoutingIndexManager;)V+6
j  com.google.ortools.java.CapacitatedVehicleRoutingProblemWithTimeWindows.solve(II)V+71
j  com.google.ortools.java.CapacitatedVehicleRoutingProblemWithTimeWindows.main([Ljava/lang/String;)V+249
v  ~StubRoutines::call_stub

siginfo: EXCEPTION_ACCESS_VIOLATION (0xc0000005), writing address 0x0000122bf5efedb8


Register to memory mapping:

RIP=0x00007ffc2ac13847 jniortools.dll
RAX=0x000002253d3a3240 points into unknown readable memory: 0xffffffffffffffff | ff ff ff ff ff ff ff ff
RBX=0x0 is NULL
RCX=0x0 is NULL
RDX=0x80000200d716b76f is an unknown value
RSP=0x000000c2419ff040 is pointing into the stack for thread: 0x000002251e6387f0
RBP=0x000000000000000a is an unknown value
RSI=0x000000000000000a is an unknown value
RDI=0x000002253d349010 points into unknown readable memory: 0x000002253d359cb0 | b0 9c 35 3d 25 02 00 00
R8 =0x000000000000000a is an unknown value
R9 =0x0 is NULL
R10=0x0 is NULL
R11=0x000002253d34e320 points into unknown readable memory: 0x0000000000000000 | 00 00 00 00 00 00 00 00
R12=0x000002253d348ed0 points into unknown readable memory: 0x0000000000000000 | 00 00 00 00 00 00 00 00
R13=0x000002253d366700 points into unknown readable memory: 0x000002253d32e0e0 | e0 e0 32 3d 25 02 00 00
R14=0x000002253d3489d0 points into unknown readable memory: 0x000002253d31b460 | 60 b4 31 3d 25 02 00 00
R15=0x000002253d366700 points into unknown readable memory: 0x000002253d32e0e0 | e0 e0 32 3d 25 02 00 00


Registers:
RAX=0x000002253d3a3240, RBX=0x0000000000000000, RCX=0x0000000000000000, RDX=0x80000200d716b76f
RSP=0x000000c2419ff040, RBP=0x000000000000000a, RSI=0x000000000000000a, RDI=0x000002253d349010
R8 =0x000000000000000a, R9 =0x0000000000000000, R10=0x0000000000000000, R11=0x000002253d34e320
R12=0x000002253d348ed0, R13=0x000002253d366700, R14=0x000002253d3489d0, R15=0x000002253d366700
RIP=0x00007ffc2ac13847, EFLAGS=0x0000000000010206

Top of Stack: (sp=0x000000c2419ff040)
0x000000c2419ff040:   0000000000000000 000000000000000a
0x000000c2419ff050:   000000000000000a 000002253d34e320
0x000000c2419ff060:   000002253d366700 000002253d3489d0
0x000000c2419ff070:   000000c2419ff190 000002253d348ed0
0x000000c2419ff080:   0000000000000028 000000000000000a
0x000000c2419ff090:   000000c2419ff109 00007ffc2aea0f1d
0x000000c2419ff0a0:   000002253d349010 000000000000000a
0x000000c2419ff0b0:   ffffffffffffffff 0000000000000000
0x000000c2419ff0c0:   0000efbb85a0cd9e 0000000000000000
0x000000c2419ff0d0:   000002253d2e4a90 00007ffc2ae8edd4
0x000000c2419ff0e0:   000002253d2e4a90 0000000000000000
0x000000c2419ff0f0:   0000022539961ae8 000002251e6387f0
0x000000c2419ff100:   0000022500000001 000000c2419ff280
0x000000c2419ff110:   00007ffc2bc62e08 0000000000000000
0x000000c2419ff120:   00007ffc2bf417f0 000002251e6387f0
0x000000c2419ff130:   000000c2419ff280 0000022539961ae8 

Instructions: (pc=0x00007ffc2ac13847)
0x00007ffc2ac13747:   5b 5d c3 cc cc cc cc cc cc 48 89 5c 24 20 48 89
0x00007ffc2ac13757:   4c 24 08 55 56 57 41 54 41 55 41 56 41 57 48 83
0x00007ffc2ac13767:   ec 20 4c 8b ea 48 8b f9 33 db 48 89 19 48 89 59
0x00007ffc2ac13777:   08 48 89 59 10 48 89 59 18 48 89 59 20 48 89 59
0x00007ffc2ac13787:   28 48 89 59 30 48 89 59 38 48 89 59 40 48 89 59
0x00007ffc2ac13797:   48 48 89 59 50 48 89 59 58 48 89 59 60 48 89 59
0x00007ffc2ac137a7:   68 48 89 59 70 48 89 59 78 48 89 99 80 00 00 00
0x00007ffc2ac137b7:   48 8b 42 08 48 2b 02 48 c1 f8 02 8b 4a 64 89 4c
0x00007ffc2ac137c7:   24 68 48 c7 44 24 70 ff ff ff ff 48 63 e8 85 c0
0x00007ffc2ac137d7:   74 11 4c 8d 44 24 70 48 8b d5 48 8d 4f 70 e8 46
0x00007ffc2ac137e7:   d2 ff ff 45 33 c0 48 8b d5 48 8b cf e8 f8 b5 01
0x00007ffc2ac137f7:   00 45 33 c0 48 8b d5 48 8d 4f 20 e8 e9 b5 01 00
0x00007ffc2ac13807:   48 63 6c 24 68 48 8b d5 48 8d 4f 40 e8 38 b5 01
0x00007ffc2ac13817:   00 48 8b d5 48 8d 4f 58 e8 2c b5 01 00 48 85 ed
0x00007ffc2ac13827:   0f 8e 7d 00 00 00 4c 8b d3 49 8b 45 30 4a 8b 14
0x00007ffc2ac13837:   d0 48 8b 47 40 4a 89 14 d0 48 8b 47 70 44 8b cb
0x00007ffc2ac13847:   4c 89 0c d0 48 8b ca 48 c1 e9 05 48 8b 07 4c 8d
0x00007ffc2ac13857:   04 88 0f b6 ca 80 e1 1f ba 01 00 00 00 d3 e2 41
0x00007ffc2ac13867:   09 10 49 8b 45 48 4a 8b 14 d0 48 8b 47 58 4a 89
0x00007ffc2ac13877:   14 d0 48 8b 47 70 4c 89 0c d0 48 8b ca 48 c1 e9
0x00007ffc2ac13887:   05 48 8b 47 20 4c 8d 04 88 0f b6 ca 80 e1 1f ba
0x00007ffc2ac13897:   01 00 00 00 d3 e2 41 09 10 ff c3 49 ff c2 4c 3b
0x00007ffc2ac138a7:   d5 7c 86 48 8b c7 48 8b 5c 24 78 48 83 c4 20 41
0x00007ffc2ac138b7:   5f 41 5e 41 5d 41 5c 5f 5e 5d c3 cc cc cc cc cc
0x00007ffc2ac138c7:   cc cc cc cc cc cc cc cc cc 48 89 5c 24 18 48 89
0x00007ffc2ac138d7:   4c 24 08 55 56 57 41 56 41 57 48 83 ec 20 48 8b
0x00007ffc2ac138e7:   d9 48 89 11 45 33 ff 4c 89 79 08 4c 89 79 10 4c
0x00007ffc2ac138f7:   89 79 18 48 8d 79 20 48 89 7c 24 58 48 63 72 4c
0x00007ffc2ac13907:   48 8d 6e 1f 48 c1 ed 05 4c 89 3f 4c 89 7f 08 4c
0x00007ffc2ac13917:   89 7f 10 45 8b f7 48 85 ed 74 2f 48 8b d5 48 8b
0x00007ffc2ac13927:   cf e8 33 a1 01 00 48 8b c8 48 89 07 4c 8d 04 ad
0x00007ffc2ac13937:   00 00 00 00 49 03 c0 48 89 47 10 4e 8d 34 01 33 


Stack slot to memory mapping:
stack at sp + 0 slots: 0x0 is NULL
stack at sp + 1 slots: 0x000000000000000a is an unknown value
stack at sp + 2 slots: 0x000000000000000a is an unknown value
stack at sp + 3 slots: 0x000002253d34e320 points into unknown readable memory: 0x0000000000000000 | 00 00 00 00 00 00 00 00
stack at sp + 4 slots: 0x000002253d366700 points into unknown readable memory: 0x000002253d32e0e0 | e0 e0 32 3d 25 02 00 00
stack at sp + 5 slots: 0x000002253d3489d0 points into unknown readable memory: 0x000002253d31b460 | 60 b4 31 3d 25 02 00 00
stack at sp + 6 slots: 0x000000c2419ff190 is pointing into the stack for thread: 0x000002251e6387f0
stack at sp + 7 slots: 0x000002253d348ed0 points into unknown readable memory: 0x0000000000000000 | 00 00 00 00 00 00 00 00


---------------  P R O C E S S  ---------------

Threads class SMR info:
_java_thread_list=0x000002253d221db0, length=14, elements={
0x000002251e6387f0, 0x00000225388fdb40, 0x00000225388fe700, 0x0000022538939c80,
0x000002253893a750, 0x000002253893b110, 0x000002253894e3b0, 0x0000022538957ea0,
0x0000022538964a10, 0x0000022538965410, 0x0000022538ad4220, 0x0000022538ad8710,
0x000002253d22be10, 0x000002253d246020
}

Java Threads: ( => current thread )
=>0x000002251e6387f0 JavaThread "main" [_thread_in_native, id=2060, stack(0x000000c241900000,0x000000c241a00000)]
  0x00000225388fdb40 JavaThread "Reference Handler" daemon [_thread_blocked, id=27812, stack(0x000000c242000000,0x000000c242100000)]
  0x00000225388fe700 JavaThread "Finalizer" daemon [_thread_blocked, id=30380, stack(0x000000c242100000,0x000000c242200000)]
  0x0000022538939c80 JavaThread "Signal Dispatcher" daemon [_thread_blocked, id=15508, stack(0x000000c242200000,0x000000c242300000)]
  0x000002253893a750 JavaThread "Attach Listener" daemon [_thread_blocked, id=29540, stack(0x000000c242300000,0x000000c242400000)]
  0x000002253893b110 JavaThread "Service Thread" daemon [_thread_blocked, id=29084, stack(0x000000c242400000,0x000000c242500000)]
  0x000002253894e3b0 JavaThread "Monitor Deflation Thread" daemon [_thread_blocked, id=25984, stack(0x000000c242500000,0x000000c242600000)]
  0x0000022538957ea0 JavaThread "C2 CompilerThread0" daemon [_thread_blocked, id=13452, stack(0x000000c242600000,0x000000c242700000)]
  0x0000022538964a10 JavaThread "C1 CompilerThread0" daemon [_thread_blocked, id=11688, stack(0x000000c242700000,0x000000c242800000)]
  0x0000022538965410 JavaThread "Sweeper thread" daemon [_thread_blocked, id=13612, stack(0x000000c242800000,0x000000c242900000)]
  0x0000022538ad4220 JavaThread "Notification Thread" daemon [_thread_blocked, id=27620, stack(0x000000c242900000,0x000000c242a00000)]
  0x0000022538ad8710 JavaThread "Common-Cleaner" daemon [_thread_blocked, id=10404, stack(0x000000c242b00000,0x000000c242c00000)]
  0x000002253d22be10 JavaThread "C2 CompilerThread1" daemon [_thread_blocked, id=27204, stack(0x000000c242c00000,0x000000c242d00000)]
  0x000002253d246020 JavaThread "C2 CompilerThread2" daemon [_thread_blocked, id=14056, stack(0x000000c242d00000,0x000000c242e00000)]

Other Threads:
  0x00000225388f15c0 VMThread "VM Thread" [stack: 0x000000c241f00000,0x000000c242000000] [id=8332]
  0x000002251e6b4b00 WatcherThread [stack: 0x000000c242a00000,0x000000c242b00000] [id=844]
  0x000002251e6952c0 GCTaskThread "GC Thread#0" [stack: 0x000000c241a00000,0x000000c241b00000] [id=24228]
  0x000002251e6a5ad0 ConcurrentGCThread "G1 Main Marker" [stack: 0x000000c241b00000,0x000000c241c00000] [id=18856]
  0x000002251e6a64e0 ConcurrentGCThread "G1 Conc#0" [stack: 0x000000c241c00000,0x000000c241d00000] [id=10672]
  0x000002251e6ee280 ConcurrentGCThread "G1 Refine#0" [stack: 0x000000c241d00000,0x000000c241e00000] [id=19836]
  0x000002251e6eecb0 ConcurrentGCThread "G1 Service" [stack: 0x000000c241e00000,0x000000c241f00000] [id=22536]

Threads with active compile tasks:

VM state: not at safepoint (normal execution)

VM Mutex/Monitor currently owned by a thread: None

Heap address: 0x0000000083a00000, size: 1990 MB, Compressed Oops mode: 32-bit

CDS archive(s) not mapped
Compressed class space mapped at: 0x0000000100000000-0x0000000140000000, reserved size: 1073741824
Narrow klass base: 0x0000000000000000, Narrow klass shift: 3, Narrow klass range: 0x140000000

GC Precious Log:
 CPUs: 12 total, 12 available
 Memory: 7955M
 Large Page Support: Disabled
 NUMA Support: Disabled
 Compressed Oops: Enabled (32-bit)
 Heap Region Size: 1M
 Heap Min Capacity: 8M
 Heap Initial Capacity: 126M
 Heap Max Capacity: 1990M
 Pre-touch: Disabled
 Parallel Workers: 10
 Concurrent Workers: 3
 Concurrent Refinement Workers: 10
 Periodic GC: Disabled

Heap:
 garbage-first heap   total 129024K, used 7168K [0x0000000083a00000, 0x0000000100000000)
  region size 1024K, 9 young (9216K), 0 survivors (0K)
 Metaspace       used 11182K, committed 11328K, reserved 1114112K
  class space    used 969K, committed 1024K, reserved 1048576K

Heap Regions: E=young(eden), S=young(survivor), O=old, HS=humongous(starts), HC=humongous(continues), CS=collection set, F=free, OA=open archive, CA=closed archive, TAMS=top-at-mark-start (previous, next)
|   0|0x0000000083a00000, 0x0000000083a00000, 0x0000000083b00000|  0%| F|  |TAMS 0x0000000083a00000, 0x0000000083a00000| Untracked 
|   1|0x0000000083b00000, 0x0000000083b00000, 0x0000000083c00000|  0%| F|  |TAMS 0x0000000083b00000, 0x0000000083b00000| Untracked 
|   2|0x0000000083c00000, 0x0000000083c00000, 0x0000000083d00000|  0%| F|  |TAMS 0x0000000083c00000, 0x0000000083c00000| Untracked 
|   3|0x0000000083d00000, 0x0000000083d00000, 0x0000000083e00000|  0%| F|  |TAMS 0x0000000083d00000, 0x0000000083d00000| Untracked 
|   4|0x0000000083e00000, 0x0000000083e00000, 0x0000000083f00000|  0%| F|  |TAMS 0x0000000083e00000, 0x0000000083e00000| Untracked 
|   5|0x0000000083f00000, 0x0000000083f00000, 0x0000000084000000|  0%| F|  |TAMS 0x0000000083f00000, 0x0000000083f00000| Untracked 
|   6|0x0000000084000000, 0x0000000084000000, 0x0000000084100000|  0%| F|  |TAMS 0x0000000084000000, 0x0000000084000000| Untracked 
|   7|0x0000000084100000, 0x0000000084100000, 0x0000000084200000|  0%| F|  |TAMS 0x0000000084100000, 0x0000000084100000| Untracked 
|   8|0x0000000084200000, 0x0000000084200000, 0x0000000084300000|  0%| F|  |TAMS 0x0000000084200000, 0x0000000084200000| Untracked 
|   9|0x0000000084300000, 0x0000000084300000, 0x0000000084400000|  0%| F|  |TAMS 0x0000000084300000, 0x0000000084300000| Untracked 
|  10|0x0000000084400000, 0x0000000084400000, 0x0000000084500000|  0%| F|  |TAMS 0x0000000084400000, 0x0000000084400000| Untracked 
|  11|0x0000000084500000, 0x0000000084500000, 0x0000000084600000|  0%| F|  |TAMS 0x0000000084500000, 0x0000000084500000| Untracked 
|  12|0x0000000084600000, 0x0000000084600000, 0x0000000084700000|  0%| F|  |TAMS 0x0000000084600000, 0x0000000084600000| Untracked 
|  13|0x0000000084700000, 0x0000000084700000, 0x0000000084800000|  0%| F|  |TAMS 0x0000000084700000, 0x0000000084700000| Untracked 
|  14|0x0000000084800000, 0x0000000084800000, 0x0000000084900000|  0%| F|  |TAMS 0x0000000084800000, 0x0000000084800000| Untracked 
|  15|0x0000000084900000, 0x0000000084900000, 0x0000000084a00000|  0%| F|  |TAMS 0x0000000084900000, 0x0000000084900000| Untracked 
|  16|0x0000000084a00000, 0x0000000084a00000, 0x0000000084b00000|  0%| F|  |TAMS 0x0000000084a00000, 0x0000000084a00000| Untracked 
|  17|0x0000000084b00000, 0x0000000084b00000, 0x0000000084c00000|  0%| F|  |TAMS 0x0000000084b00000, 0x0000000084b00000| Untracked 
|  18|0x0000000084c00000, 0x0000000084c00000, 0x0000000084d00000|  0%| F|  |TAMS 0x0000000084c00000, 0x0000000084c00000| Untracked 
|  19|0x0000000084d00000, 0x0000000084d00000, 0x0000000084e00000|  0%| F|  |TAMS 0x0000000084d00000, 0x0000000084d00000| Untracked 
|  20|0x0000000084e00000, 0x0000000084e00000, 0x0000000084f00000|  0%| F|  |TAMS 0x0000000084e00000, 0x0000000084e00000| Untracked 
|  21|0x0000000084f00000, 0x0000000084f00000, 0x0000000085000000|  0%| F|  |TAMS 0x0000000084f00000, 0x0000000084f00000| Untracked 
|  22|0x0000000085000000, 0x0000000085000000, 0x0000000085100000|  0%| F|  |TAMS 0x0000000085000000, 0x0000000085000000| Untracked 
|  23|0x0000000085100000, 0x0000000085100000, 0x0000000085200000|  0%| F|  |TAMS 0x0000000085100000, 0x0000000085100000| Untracked 
|  24|0x0000000085200000, 0x0000000085200000, 0x0000000085300000|  0%| F|  |TAMS 0x0000000085200000, 0x0000000085200000| Untracked 
|  25|0x0000000085300000, 0x0000000085300000, 0x0000000085400000|  0%| F|  |TAMS 0x0000000085300000, 0x0000000085300000| Untracked 
|  26|0x0000000085400000, 0x0000000085400000, 0x0000000085500000|  0%| F|  |TAMS 0x0000000085400000, 0x0000000085400000| Untracked 
|  27|0x0000000085500000, 0x0000000085500000, 0x0000000085600000|  0%| F|  |TAMS 0x0000000085500000, 0x0000000085500000| Untracked 
|  28|0x0000000085600000, 0x0000000085600000, 0x0000000085700000|  0%| F|  |TAMS 0x0000000085600000, 0x0000000085600000| Untracked 
|  29|0x0000000085700000, 0x0000000085700000, 0x0000000085800000|  0%| F|  |TAMS 0x0000000085700000, 0x0000000085700000| Untracked 
|  30|0x0000000085800000, 0x0000000085800000, 0x0000000085900000|  0%| F|  |TAMS 0x0000000085800000, 0x0000000085800000| Untracked 
|  31|0x0000000085900000, 0x0000000085900000, 0x0000000085a00000|  0%| F|  |TAMS 0x0000000085900000, 0x0000000085900000| Untracked 
|  32|0x0000000085a00000, 0x0000000085a00000, 0x0000000085b00000|  0%| F|  |TAMS 0x0000000085a00000, 0x0000000085a00000| Untracked 
|  33|0x0000000085b00000, 0x0000000085b00000, 0x0000000085c00000|  0%| F|  |TAMS 0x0000000085b00000, 0x0000000085b00000| Untracked 
|  34|0x0000000085c00000, 0x0000000085c00000, 0x0000000085d00000|  0%| F|  |TAMS 0x0000000085c00000, 0x0000000085c00000| Untracked 
|  35|0x0000000085d00000, 0x0000000085d00000, 0x0000000085e00000|  0%| F|  |TAMS 0x0000000085d00000, 0x0000000085d00000| Untracked 
|  36|0x0000000085e00000, 0x0000000085e00000, 0x0000000085f00000|  0%| F|  |TAMS 0x0000000085e00000, 0x0000000085e00000| Untracked 
|  37|0x0000000085f00000, 0x0000000085f00000, 0x0000000086000000|  0%| F|  |TAMS 0x0000000085f00000, 0x0000000085f00000| Untracked 
|  38|0x0000000086000000, 0x0000000086000000, 0x0000000086100000|  0%| F|  |TAMS 0x0000000086000000, 0x0000000086000000| Untracked 
|  39|0x0000000086100000, 0x0000000086100000, 0x0000000086200000|  0%| F|  |TAMS 0x0000000086100000, 0x0000000086100000| Untracked 
|  40|0x0000000086200000, 0x0000000086200000, 0x0000000086300000|  0%| F|  |TAMS 0x0000000086200000, 0x0000000086200000| Untracked 
|  41|0x0000000086300000, 0x0000000086300000, 0x0000000086400000|  0%| F|  |TAMS 0x0000000086300000, 0x0000000086300000| Untracked 
|  42|0x0000000086400000, 0x0000000086400000, 0x0000000086500000|  0%| F|  |TAMS 0x0000000086400000, 0x0000000086400000| Untracked 
|  43|0x0000000086500000, 0x0000000086500000, 0x0000000086600000|  0%| F|  |TAMS 0x0000000086500000, 0x0000000086500000| Untracked 
|  44|0x0000000086600000, 0x0000000086600000, 0x0000000086700000|  0%| F|  |TAMS 0x0000000086600000, 0x0000000086600000| Untracked 
|  45|0x0000000086700000, 0x0000000086700000, 0x0000000086800000|  0%| F|  |TAMS 0x0000000086700000, 0x0000000086700000| Untracked 
|  46|0x0000000086800000, 0x0000000086800000, 0x0000000086900000|  0%| F|  |TAMS 0x0000000086800000, 0x0000000086800000| Untracked 
|  47|0x0000000086900000, 0x0000000086900000, 0x0000000086a00000|  0%| F|  |TAMS 0x0000000086900000, 0x0000000086900000| Untracked 
|  48|0x0000000086a00000, 0x0000000086a00000, 0x0000000086b00000|  0%| F|  |TAMS 0x0000000086a00000, 0x0000000086a00000| Untracked 
|  49|0x0000000086b00000, 0x0000000086b00000, 0x0000000086c00000|  0%| F|  |TAMS 0x0000000086b00000, 0x0000000086b00000| Untracked 
|  50|0x0000000086c00000, 0x0000000086c00000, 0x0000000086d00000|  0%| F|  |TAMS 0x0000000086c00000, 0x0000000086c00000| Untracked 
|  51|0x0000000086d00000, 0x0000000086d00000, 0x0000000086e00000|  0%| F|  |TAMS 0x0000000086d00000, 0x0000000086d00000| Untracked 
|  52|0x0000000086e00000, 0x0000000086e00000, 0x0000000086f00000|  0%| F|  |TAMS 0x0000000086e00000, 0x0000000086e00000| Untracked 
|  53|0x0000000086f00000, 0x0000000086f00000, 0x0000000087000000|  0%| F|  |TAMS 0x0000000086f00000, 0x0000000086f00000| Untracked 
|  54|0x0000000087000000, 0x0000000087000000, 0x0000000087100000|  0%| F|  |TAMS 0x0000000087000000, 0x0000000087000000| Untracked 
|  55|0x0000000087100000, 0x0000000087100000, 0x0000000087200000|  0%| F|  |TAMS 0x0000000087100000, 0x0000000087100000| Untracked 
|  56|0x0000000087200000, 0x0000000087200000, 0x0000000087300000|  0%| F|  |TAMS 0x0000000087200000, 0x0000000087200000| Untracked 
|  57|0x0000000087300000, 0x0000000087300000, 0x0000000087400000|  0%| F|  |TAMS 0x0000000087300000, 0x0000000087300000| Untracked 
|  58|0x0000000087400000, 0x0000000087400000, 0x0000000087500000|  0%| F|  |TAMS 0x0000000087400000, 0x0000000087400000| Untracked 
|  59|0x0000000087500000, 0x0000000087500000, 0x0000000087600000|  0%| F|  |TAMS 0x0000000087500000, 0x0000000087500000| Untracked 
|  60|0x0000000087600000, 0x0000000087600000, 0x0000000087700000|  0%| F|  |TAMS 0x0000000087600000, 0x0000000087600000| Untracked 
|  61|0x0000000087700000, 0x0000000087700000, 0x0000000087800000|  0%| F|  |TAMS 0x0000000087700000, 0x0000000087700000| Untracked 
|  62|0x0000000087800000, 0x0000000087800000, 0x0000000087900000|  0%| F|  |TAMS 0x0000000087800000, 0x0000000087800000| Untracked 
|  63|0x0000000087900000, 0x0000000087900000, 0x0000000087a00000|  0%| F|  |TAMS 0x0000000087900000, 0x0000000087900000| Untracked 
|  64|0x0000000087a00000, 0x0000000087a00000, 0x0000000087b00000|  0%| F|  |TAMS 0x0000000087a00000, 0x0000000087a00000| Untracked 
|  65|0x0000000087b00000, 0x0000000087b00000, 0x0000000087c00000|  0%| F|  |TAMS 0x0000000087b00000, 0x0000000087b00000| Untracked 
|  66|0x0000000087c00000, 0x0000000087c00000, 0x0000000087d00000|  0%| F|  |TAMS 0x0000000087c00000, 0x0000000087c00000| Untracked 
|  67|0x0000000087d00000, 0x0000000087d00000, 0x0000000087e00000|  0%| F|  |TAMS 0x0000000087d00000, 0x0000000087d00000| Untracked 
|  68|0x0000000087e00000, 0x0000000087e00000, 0x0000000087f00000|  0%| F|  |TAMS 0x0000000087e00000, 0x0000000087e00000| Untracked 
|  69|0x0000000087f00000, 0x0000000087f00000, 0x0000000088000000|  0%| F|  |TAMS 0x0000000087f00000, 0x0000000087f00000| Untracked 
|  70|0x0000000088000000, 0x0000000088000000, 0x0000000088100000|  0%| F|  |TAMS 0x0000000088000000, 0x0000000088000000| Untracked 
|  71|0x0000000088100000, 0x0000000088100000, 0x0000000088200000|  0%| F|  |TAMS 0x0000000088100000, 0x0000000088100000| Untracked 
|  72|0x0000000088200000, 0x0000000088200000, 0x0000000088300000|  0%| F|  |TAMS 0x0000000088200000, 0x0000000088200000| Untracked 
|  73|0x0000000088300000, 0x0000000088300000, 0x0000000088400000|  0%| F|  |TAMS 0x0000000088300000, 0x0000000088300000| Untracked 
|  74|0x0000000088400000, 0x0000000088400000, 0x0000000088500000|  0%| F|  |TAMS 0x0000000088400000, 0x0000000088400000| Untracked 
|  75|0x0000000088500000, 0x0000000088500000, 0x0000000088600000|  0%| F|  |TAMS 0x0000000088500000, 0x0000000088500000| Untracked 
|  76|0x0000000088600000, 0x0000000088600000, 0x0000000088700000|  0%| F|  |TAMS 0x0000000088600000, 0x0000000088600000| Untracked 
|  77|0x0000000088700000, 0x0000000088700000, 0x0000000088800000|  0%| F|  |TAMS 0x0000000088700000, 0x0000000088700000| Untracked 
|  78|0x0000000088800000, 0x0000000088800000, 0x0000000088900000|  0%| F|  |TAMS 0x0000000088800000, 0x0000000088800000| Untracked 
|  79|0x0000000088900000, 0x0000000088900000, 0x0000000088a00000|  0%| F|  |TAMS 0x0000000088900000, 0x0000000088900000| Untracked 
|  80|0x0000000088a00000, 0x0000000088a00000, 0x0000000088b00000|  0%| F|  |TAMS 0x0000000088a00000, 0x0000000088a00000| Untracked 
|  81|0x0000000088b00000, 0x0000000088b00000, 0x0000000088c00000|  0%| F|  |TAMS 0x0000000088b00000, 0x0000000088b00000| Untracked 
|  82|0x0000000088c00000, 0x0000000088c00000, 0x0000000088d00000|  0%| F|  |TAMS 0x0000000088c00000, 0x0000000088c00000| Untracked 
|  83|0x0000000088d00000, 0x0000000088d00000, 0x0000000088e00000|  0%| F|  |TAMS 0x0000000088d00000, 0x0000000088d00000| Untracked 
|  84|0x0000000088e00000, 0x0000000088e00000, 0x0000000088f00000|  0%| F|  |TAMS 0x0000000088e00000, 0x0000000088e00000| Untracked 
|  85|0x0000000088f00000, 0x0000000088f00000, 0x0000000089000000|  0%| F|  |TAMS 0x0000000088f00000, 0x0000000088f00000| Untracked 
|  86|0x0000000089000000, 0x0000000089000000, 0x0000000089100000|  0%| F|  |TAMS 0x0000000089000000, 0x0000000089000000| Untracked 
|  87|0x0000000089100000, 0x0000000089100000, 0x0000000089200000|  0%| F|  |TAMS 0x0000000089100000, 0x0000000089100000| Untracked 
|  88|0x0000000089200000, 0x0000000089200000, 0x0000000089300000|  0%| F|  |TAMS 0x0000000089200000, 0x0000000089200000| Untracked 
|  89|0x0000000089300000, 0x0000000089300000, 0x0000000089400000|  0%| F|  |TAMS 0x0000000089300000, 0x0000000089300000| Untracked 
|  90|0x0000000089400000, 0x0000000089400000, 0x0000000089500000|  0%| F|  |TAMS 0x0000000089400000, 0x0000000089400000| Untracked 
|  91|0x0000000089500000, 0x0000000089500000, 0x0000000089600000|  0%| F|  |TAMS 0x0000000089500000, 0x0000000089500000| Untracked 
|  92|0x0000000089600000, 0x0000000089600000, 0x0000000089700000|  0%| F|  |TAMS 0x0000000089600000, 0x0000000089600000| Untracked 
|  93|0x0000000089700000, 0x0000000089700000, 0x0000000089800000|  0%| F|  |TAMS 0x0000000089700000, 0x0000000089700000| Untracked 
|  94|0x0000000089800000, 0x0000000089800000, 0x0000000089900000|  0%| F|  |TAMS 0x0000000089800000, 0x0000000089800000| Untracked 
|  95|0x0000000089900000, 0x0000000089900000, 0x0000000089a00000|  0%| F|  |TAMS 0x0000000089900000, 0x0000000089900000| Untracked 
|  96|0x0000000089a00000, 0x0000000089a00000, 0x0000000089b00000|  0%| F|  |TAMS 0x0000000089a00000, 0x0000000089a00000| Untracked 
|  97|0x0000000089b00000, 0x0000000089b00000, 0x0000000089c00000|  0%| F|  |TAMS 0x0000000089b00000, 0x0000000089b00000| Untracked 
|  98|0x0000000089c00000, 0x0000000089c00000, 0x0000000089d00000|  0%| F|  |TAMS 0x0000000089c00000, 0x0000000089c00000| Untracked 
|  99|0x0000000089d00000, 0x0000000089d00000, 0x0000000089e00000|  0%| F|  |TAMS 0x0000000089d00000, 0x0000000089d00000| Untracked 
| 100|0x0000000089e00000, 0x0000000089e00000, 0x0000000089f00000|  0%| F|  |TAMS 0x0000000089e00000, 0x0000000089e00000| Untracked 
| 101|0x0000000089f00000, 0x0000000089f00000, 0x000000008a000000|  0%| F|  |TAMS 0x0000000089f00000, 0x0000000089f00000| Untracked 
| 102|0x000000008a000000, 0x000000008a000000, 0x000000008a100000|  0%| F|  |TAMS 0x000000008a000000, 0x000000008a000000| Untracked 
| 103|0x000000008a100000, 0x000000008a100000, 0x000000008a200000|  0%| F|  |TAMS 0x000000008a100000, 0x000000008a100000| Untracked 
| 104|0x000000008a200000, 0x000000008a200000, 0x000000008a300000|  0%| F|  |TAMS 0x000000008a200000, 0x000000008a200000| Untracked 
| 105|0x000000008a300000, 0x000000008a300000, 0x000000008a400000|  0%| F|  |TAMS 0x000000008a300000, 0x000000008a300000| Untracked 
| 106|0x000000008a400000, 0x000000008a400000, 0x000000008a500000|  0%| F|  |TAMS 0x000000008a400000, 0x000000008a400000| Untracked 
| 107|0x000000008a500000, 0x000000008a500000, 0x000000008a600000|  0%| F|  |TAMS 0x000000008a500000, 0x000000008a500000| Untracked 
| 108|0x000000008a600000, 0x000000008a600000, 0x000000008a700000|  0%| F|  |TAMS 0x000000008a600000, 0x000000008a600000| Untracked 
| 109|0x000000008a700000, 0x000000008a700000, 0x000000008a800000|  0%| F|  |TAMS 0x000000008a700000, 0x000000008a700000| Untracked 
| 110|0x000000008a800000, 0x000000008a800000, 0x000000008a900000|  0%| F|  |TAMS 0x000000008a800000, 0x000000008a800000| Untracked 
| 111|0x000000008a900000, 0x000000008a900000, 0x000000008aa00000|  0%| F|  |TAMS 0x000000008a900000, 0x000000008a900000| Untracked 
| 112|0x000000008aa00000, 0x000000008aa00000, 0x000000008ab00000|  0%| F|  |TAMS 0x000000008aa00000, 0x000000008aa00000| Untracked 
| 113|0x000000008ab00000, 0x000000008ab00000, 0x000000008ac00000|  0%| F|  |TAMS 0x000000008ab00000, 0x000000008ab00000| Untracked 
| 114|0x000000008ac00000, 0x000000008ac00000, 0x000000008ad00000|  0%| F|  |TAMS 0x000000008ac00000, 0x000000008ac00000| Untracked 
| 115|0x000000008ad00000, 0x000000008ad00000, 0x000000008ae00000|  0%| F|  |TAMS 0x000000008ad00000, 0x000000008ad00000| Untracked 
| 116|0x000000008ae00000, 0x000000008ae00000, 0x000000008af00000|  0%| F|  |TAMS 0x000000008ae00000, 0x000000008ae00000| Untracked 
| 117|0x000000008af00000, 0x000000008af0c6f8, 0x000000008b000000|  4%| E|  |TAMS 0x000000008af00000, 0x000000008af00000| Complete 
| 118|0x000000008b000000, 0x000000008b0f92d0, 0x000000008b100000| 97%| E|  |TAMS 0x000000008b000000, 0x000000008b000000| Complete 
| 119|0x000000008b100000, 0x000000008b200000, 0x000000008b200000|100%| E|CS|TAMS 0x000000008b100000, 0x000000008b100000| Complete 
| 120|0x000000008b200000, 0x000000008b300000, 0x000000008b300000|100%| E|CS|TAMS 0x000000008b200000, 0x000000008b200000| Complete 
| 121|0x000000008b300000, 0x000000008b400000, 0x000000008b400000|100%| E|CS|TAMS 0x000000008b300000, 0x000000008b300000| Complete 
| 122|0x000000008b400000, 0x000000008b500000, 0x000000008b500000|100%| E|CS|TAMS 0x000000008b400000, 0x000000008b400000| Complete 
| 123|0x000000008b500000, 0x000000008b600000, 0x000000008b600000|100%| E|CS|TAMS 0x000000008b500000, 0x000000008b500000| Complete 
| 124|0x000000008b600000, 0x000000008b700000, 0x000000008b700000|100%| E|CS|TAMS 0x000000008b600000, 0x000000008b600000| Complete 
| 125|0x000000008b700000, 0x000000008b800000, 0x000000008b800000|100%| E|CS|TAMS 0x000000008b700000, 0x000000008b700000| Complete 

Card table byte_map: [0x0000022531640000,0x0000022531a30000] _byte_map_base: 0x0000022531223000

Marking Bits (Prev, Next): (CMBitMap*) 0x000002251e6958e0, (CMBitMap*) 0x000002251e695920
 Prev Bits: [0x0000022531e20000, 0x0000022533d38000)
 Next Bits: [0x0000022533d40000, 0x0000022535c58000)

Polling page: 0x000002251c560000

Metaspace:

Usage:
  Non-class:      9.97 MB used.
      Class:    969.94 KB used.
       Both:     10.92 MB used.

Virtual space:
  Non-class space:       64.00 MB reserved,      10.06 MB ( 16%) committed,  1 nodes.
      Class space:        1.00 GB reserved,       1.00 MB ( <1%) committed,  1 nodes.
             Both:        1.06 GB reserved,      11.06 MB (  1%) committed. 

Chunk freelists:
   Non-Class:  5.98 MB
       Class:  15.02 MB
        Both:  21.00 MB

MaxMetaspaceSize: unlimited
CompressedClassSpaceSize: 1.00 GB
Initial GC threshold: 21.00 MB
Current GC threshold: 21.00 MB
CDS: off
MetaspaceReclaimPolicy: balanced
 - commit_granule_bytes: 65536.
 - commit_granule_words: 8192.
 - virtual_space_node_default_size: 8388608.
 - enlarge_chunks_in_place: 1.
 - new_chunks_are_fully_committed: 0.
 - uncommit_free_chunks: 1.
 - use_allocation_guard: 0.
 - handle_deallocations: 1.


Internal statistics:

num_allocs_failed_limit: 0.
num_arena_births: 42.
num_arena_deaths: 0.
num_vsnodes_births: 2.
num_vsnodes_deaths: 0.
num_space_committed: 177.
num_space_uncommitted: 0.
num_chunks_returned_to_freelist: 0.
num_chunks_taken_from_freelist: 106.
num_chunk_merges: 0.
num_chunk_splits: 61.
num_chunks_enlarged: 42.
num_inconsistent_stats: 0.

CodeHeap 'non-profiled nmethods': size=120000Kb used=209Kb max_used=209Kb free=119790Kb
 bounds [0x00000225297c0000, 0x0000022529a30000, 0x0000022530cf0000]
CodeHeap 'profiled nmethods': size=120000Kb used=1001Kb max_used=1001Kb free=118998Kb
 bounds [0x0000022521cf0000, 0x0000022521f60000, 0x0000022529220000]
CodeHeap 'non-nmethods': size=5760Kb used=1256Kb max_used=1256Kb free=4503Kb
 bounds [0x0000022529220000, 0x0000022529490000, 0x00000225297c0000]
 total_blobs=1273 nmethods=708 adapters=478
 compilation: enabled
              stopped_count=0, restarted_count=0
 full_count=0

Compilation events (20 events):
Event: 1.138 Thread 0x0000022538964a10  699       3       java.util.Objects::checkIndex (7 bytes)
Event: 1.138 Thread 0x0000022538964a10 nmethod 699 0x0000022521de6d10 code [0x0000022521de6ec0, 0x0000022521de70c8]
Event: 1.138 Thread 0x0000022538964a10  700       3       java.util.ArrayList::get (15 bytes)
Event: 1.138 Thread 0x0000022538964a10 nmethod 700 0x0000022521de7210 code [0x0000022521de73e0, 0x0000022521de7708]
Event: 1.138 Thread 0x0000022538964a10  701       3       java.util.ArrayList::elementData (7 bytes)
Event: 1.138 Thread 0x0000022538964a10 nmethod 701 0x0000022521de7890 code [0x0000022521de7a20, 0x0000022521de7b58]
Event: 1.138 Thread 0x0000022538964a10  704       3       java.lang.Integer::valueOf (32 bytes)
Event: 1.138 Thread 0x0000022538964a10 nmethod 704 0x0000022521de7c10 code [0x0000022521de7dc0, 0x0000022521de80d8]
Event: 1.138 Thread 0x0000022538964a10  705       3       java.util.ArrayList::indexOfRange (71 bytes)
Event: 1.139 Thread 0x0000022538964a10 nmethod 705 0x0000022521de8210 code [0x0000022521de83e0, 0x0000022521de88a8]
Event: 1.139 Thread 0x0000022538964a10  702       3       java.lang.Character::digit (6 bytes)
Event: 1.139 Thread 0x0000022538964a10 nmethod 702 0x0000022521de8a90 code [0x0000022521de8c40, 0x0000022521de8e78]
Event: 1.139 Thread 0x0000022538964a10  703       3       java.lang.Character::digit (10 bytes)
Event: 1.139 Thread 0x0000022538964a10 nmethod 703 0x0000022521de8f90 code [0x0000022521de9140, 0x0000022521de9338]
Event: 1.139 Thread 0x0000022538964a10  706       3       java.lang.CharacterDataLatin1::digit (32 bytes)
Event: 1.139 Thread 0x0000022538964a10 nmethod 706 0x0000022521de9410 code [0x0000022521de95c0, 0x0000022521de9818]
Event: 1.139 Thread 0x0000022538964a10  707       3       java.util.Formatter$Flags::contains (22 bytes)
Event: 1.140 Thread 0x0000022538964a10 nmethod 707 0x0000022521de9910 code [0x0000022521de9aa0, 0x0000022521de9c58]
Event: 1.147 Thread 0x0000022538964a10  708       3       java.lang.StringLatin1::indexOf (121 bytes)
Event: 1.148 Thread 0x0000022538964a10 nmethod 708 0x0000022521de9d10 code [0x0000022521de9ee0, 0x0000022521dea3d8]

GC Heap History (0 events):
No events

Dll operation events (6 events):
Event: 0.012 Loaded shared library C:\Users\malla\.p2\pool\plugins\org.eclipse.justj.openjdk.hotspot.jre.full.win32.x86_64_17.0.8.v20230831-1047\jre\bin\java.dll
Event: 0.229 Loaded shared library C:\Users\malla\.p2\pool\plugins\org.eclipse.justj.openjdk.hotspot.jre.full.win32.x86_64_17.0.8.v20230831-1047\jre\bin\jimage.dll
Event: 0.244 Loaded shared library C:\Users\malla\.p2\pool\plugins\org.eclipse.justj.openjdk.hotspot.jre.full.win32.x86_64_17.0.8.v20230831-1047\jre\bin\net.dll
Event: 0.247 Loaded shared library C:\Users\malla\.p2\pool\plugins\org.eclipse.justj.openjdk.hotspot.jre.full.win32.x86_64_17.0.8.v20230831-1047\jre\bin\nio.dll
Event: 0.255 Loaded shared library C:\Users\malla\.p2\pool\plugins\org.eclipse.justj.openjdk.hotspot.jre.full.win32.x86_64_17.0.8.v20230831-1047\jre\bin\zip.dll
Event: 1.064 Loaded shared library C:\Users\malla\AppData\Local\Temp\ortools-java14954456355834160757\ortools-win32-x86-64\jniortools.dll

Deoptimization events (20 events):
Event: 1.134 Thread 0x000002251e6387f0 Uncommon trap: trap_request=0xffffffde fr.pc=0x00000225297e8c58 relative=0x00000000000000b8
Event: 1.134 Thread 0x000002251e6387f0 Uncommon trap: reason=class_check action=maybe_recompile pc=0x00000225297e8c58 method=java.lang.Character.codePointAt(Ljava/lang/CharSequence;I)I @ 2 c2
Event: 1.134 Thread 0x000002251e6387f0 DEOPT PACKING pc=0x00000225297e8c58 sp=0x000000c2419fe610
Event: 1.134 Thread 0x000002251e6387f0 DEOPT UNPACKING pc=0x000002252927a1a3 sp=0x000000c2419fe5a8 mode 2
Event: 1.134 Thread 0x000002251e6387f0 Uncommon trap: trap_request=0xffffffde fr.pc=0x00000225297e8c58 relative=0x00000000000000b8
Event: 1.134 Thread 0x000002251e6387f0 Uncommon trap: reason=class_check action=maybe_recompile pc=0x00000225297e8c58 method=java.lang.Character.codePointAt(Ljava/lang/CharSequence;I)I @ 2 c2
Event: 1.134 Thread 0x000002251e6387f0 DEOPT PACKING pc=0x00000225297e8c58 sp=0x000000c2419fe610
Event: 1.134 Thread 0x000002251e6387f0 DEOPT UNPACKING pc=0x000002252927a1a3 sp=0x000000c2419fe5a8 mode 2
Event: 1.134 Thread 0x000002251e6387f0 Uncommon trap: trap_request=0xffffffde fr.pc=0x00000225297e8c58 relative=0x00000000000000b8
Event: 1.134 Thread 0x000002251e6387f0 Uncommon trap: reason=class_check action=maybe_recompile pc=0x00000225297e8c58 method=java.lang.Character.codePointAt(Ljava/lang/CharSequence;I)I @ 2 c2
Event: 1.134 Thread 0x000002251e6387f0 DEOPT PACKING pc=0x00000225297e8c58 sp=0x000000c2419fe610
Event: 1.134 Thread 0x000002251e6387f0 DEOPT UNPACKING pc=0x000002252927a1a3 sp=0x000000c2419fe5a8 mode 2
Event: 1.134 Thread 0x000002251e6387f0 Uncommon trap: trap_request=0xffffffde fr.pc=0x00000225297e8c58 relative=0x00000000000000b8
Event: 1.134 Thread 0x000002251e6387f0 Uncommon trap: reason=class_check action=maybe_recompile pc=0x00000225297e8c58 method=java.lang.Character.codePointAt(Ljava/lang/CharSequence;I)I @ 2 c2
Event: 1.134 Thread 0x000002251e6387f0 DEOPT PACKING pc=0x00000225297e8c58 sp=0x000000c2419fe610
Event: 1.134 Thread 0x000002251e6387f0 DEOPT UNPACKING pc=0x000002252927a1a3 sp=0x000000c2419fe5a8 mode 2
Event: 1.134 Thread 0x000002251e6387f0 Uncommon trap: trap_request=0xffffff45 fr.pc=0x00000225297e8358 relative=0x00000000000001b8
Event: 1.134 Thread 0x000002251e6387f0 Uncommon trap: reason=unstable_if action=reinterpret pc=0x00000225297e8358 method=java.util.regex.Matcher.reset()Ljava/util/regex/Matcher; @ 47 c2
Event: 1.134 Thread 0x000002251e6387f0 DEOPT PACKING pc=0x00000225297e8358 sp=0x000000c2419fec80
Event: 1.134 Thread 0x000002251e6387f0 DEOPT UNPACKING pc=0x000002252927a1a3 sp=0x000000c2419fec10 mode 2

Classes unloaded (0 events):
No events

Classes redefined (0 events):
No events

Internal exceptions (10 events):
Event: 0.318 Thread 0x000002251e6387f0 Exception <a 'java/lang/NoSuchMethodError'{0x000000008b4d02e8}: 'java.lang.Object java.lang.invoke.DirectMethodHandle$Holder.invokeStaticInit(java.lang.Object, int, int, int, int)'> (0x000000008b4d02e8) 
thrown [s\src\hotspot\share\interpreter\linkResolver.cpp, line 759]
Event: 0.372 Thread 0x000002251e6387f0 Exception <a 'java/lang/NoSuchMethodError'{0x000000008b3550a8}: 'java.lang.Object java.lang.invoke.DirectMethodHandle$Holder.invokeStaticInit(java.lang.Object, java.lang.Object, int, int, int, int)'> (0x000000008b3550a8) 
thrown [s\src\hotspot\share\interpreter\linkResolver.cpp, line 759]
Event: 0.377 Thread 0x000002251e6387f0 Exception <a 'java/lang/NoSuchMethodError'{0x000000008b35eb30}: 'void java.lang.invoke.DirectMethodHandle$Holder.invokeStatic(java.lang.Object, java.lang.Object, java.lang.Object)'> (0x000000008b35eb30) 
thrown [s\src\hotspot\share\interpreter\linkResolver.cpp, line 759]
Event: 0.395 Thread 0x000002251e6387f0 Exception <a 'java/lang/NoSuchMethodError'{0x000000008b202908}: 'java.lang.Object java.lang.invoke.DirectMethodHandle$Holder.invokeStaticInit(java.lang.Object)'> (0x000000008b202908) 
thrown [s\src\hotspot\share\interpreter\linkResolver.cpp, line 759]
Event: 0.436 Thread 0x000002251e6387f0 Exception <a 'sun/nio/fs/WindowsException'{0x000000008b2d88b0}> (0x000000008b2d88b0) 
thrown [s\src\hotspot\share\prims\jni.cpp, line 516]
Event: 0.436 Thread 0x000002251e6387f0 Exception <a 'sun/nio/fs/WindowsException'{0x000000008b2d8bf0}> (0x000000008b2d8bf0) 
thrown [s\src\hotspot\share\prims\jni.cpp, line 516]
Event: 0.437 Thread 0x000002251e6387f0 Exception <a 'sun/nio/fs/WindowsException'{0x000000008b2d9d60}> (0x000000008b2d9d60) 
thrown [s\src\hotspot\share\prims\jni.cpp, line 516]
Event: 0.438 Thread 0x000002251e6387f0 Exception <a 'sun/nio/fs/WindowsException'{0x000000008b2da0f0}> (0x000000008b2da0f0) 
thrown [s\src\hotspot\share\prims\jni.cpp, line 516]
Event: 1.119 Thread 0x000002251e6387f0 Exception <a 'java/lang/NoSuchMethodError'{0x000000008b00ab50}: 'void java.lang.invoke.DirectMethodHandle$Holder.invokeSpecial(java.lang.Object, java.lang.Object, java.lang.Object)'> (0x000000008b00ab50) 
thrown [s\src\hotspot\share\interpreter\linkResolver.cpp, line 759]
Event: 1.132 Thread 0x000002251e6387f0 Exception <a 'java/lang/ClassNotFoundException'{0x000000008b049178}: sun/util/logging/resources/spi/loggingProvider> (0x000000008b049178) 
thrown [s\src\hotspot\share\classfile\systemDictionary.cpp, line 256]

VM Operations (6 events):
Event: 0.286 Executing VM operation: HandshakeAllThreads
Event: 0.286 Executing VM operation: HandshakeAllThreads done
Event: 0.337 Executing VM operation: HandshakeAllThreads
Event: 0.337 Executing VM operation: HandshakeAllThreads done
Event: 0.382 Executing VM operation: HandshakeAllThreads
Event: 0.382 Executing VM operation: HandshakeAllThreads done

Events (20 events):
Event: 1.135 loading class java/util/regex/ASCII
Event: 1.135 loading class java/util/regex/ASCII done
Event: 1.135 loading class java/util/Formatter$DateTime
Event: 1.135 loading class java/util/Formatter$DateTime done
Event: 1.135 loading class java/util/Date
Event: 1.135 loading class java/util/Date done
Event: 1.135 loading class java/util/Calendar
Event: 1.136 loading class java/util/Calendar done
Event: 1.136 loading class java/time/ZonedDateTime$1
Event: 1.136 loading class java/time/ZonedDateTime$1 done
Event: 1.136 loading class java/time/LocalDate$1
Event: 1.136 loading class java/time/LocalDate$1 done
Event: 1.136 loading class java/text/DateFormatSymbols
Event: 1.136 loading class java/text/DateFormatSymbols done
Event: 1.136 loading class java/text/spi/DateFormatSymbolsProvider
Event: 1.136 loading class java/text/spi/DateFormatSymbolsProvider done
Event: 1.136 loading class sun/util/locale/provider/DateFormatSymbolsProviderImpl
Event: 1.137 loading class sun/util/locale/provider/DateFormatSymbolsProviderImpl done
Event: 1.137 loading class java/time/LocalTime$1
Event: 1.137 loading class java/time/LocalTime$1 done


Dynamic libraries:
0x00007ff7a72b0000 - 0x00007ff7a72be000 	C:\Users\malla\.p2\pool\plugins\org.eclipse.justj.openjdk.hotspot.jre.full.win32.x86_64_17.0.8.v20230831-1047\jre\bin\javaw.exe
0x00007ffcfbed0000 - 0x00007ffcfc0e4000 	C:\Windows\SYSTEM32\ntdll.dll
0x00007ffcfb400000 - 0x00007ffcfb4c4000 	C:\Windows\System32\KERNEL32.DLL
0x00007ffcf96a0000 - 0x00007ffcf9a44000 	C:\Windows\System32\KERNELBASE.dll
0x00007ffcf9280000 - 0x00007ffcf9391000 	C:\Windows\System32\ucrtbase.dll
0x00007ffce6ee0000 - 0x00007ffce6ef9000 	C:\Users\malla\.p2\pool\plugins\org.eclipse.justj.openjdk.hotspot.jre.full.win32.x86_64_17.0.8.v20230831-1047\jre\bin\VCRUNTIME140.dll
0x00007ffce6f00000 - 0x00007ffce6f17000 	C:\Users\malla\.p2\pool\plugins\org.eclipse.justj.openjdk.hotspot.jre.full.win32.x86_64_17.0.8.v20230831-1047\jre\bin\jli.dll
0x00007ffcfbc00000 - 0x00007ffcfbdae000 	C:\Windows\System32\USER32.dll
0x00007ffcf9670000 - 0x00007ffcf9696000 	C:\Windows\System32\win32u.dll
0x00007ffce7c30000 - 0x00007ffce7ec3000 	C:\Windows\WinSxS\amd64_microsoft.windows.common-controls_6595b64144ccf1df_6.0.22621.2215_none_270d72677387dfc3\COMCTL32.dll
0x00007ffcfac30000 - 0x00007ffcfac59000 	C:\Windows\System32\GDI32.dll
0x00007ffcfb980000 - 0x00007ffcfba27000 	C:\Windows\System32\msvcrt.dll
0x00007ffcf9a50000 - 0x00007ffcf9b68000 	C:\Windows\System32\gdi32full.dll
0x00007ffcf93a0000 - 0x00007ffcf943a000 	C:\Windows\System32\msvcp_win.dll
0x00007ffcfb4d0000 - 0x00007ffcfb501000 	C:\Windows\System32\IMM32.DLL
0x00007ffcf4900000 - 0x00007ffcf490c000 	C:\Users\malla\.p2\pool\plugins\org.eclipse.justj.openjdk.hotspot.jre.full.win32.x86_64_17.0.8.v20230831-1047\jre\bin\vcruntime140_1.dll
0x00007ffcc4e60000 - 0x00007ffcc4ef1000 	C:\Users\malla\.p2\pool\plugins\org.eclipse.justj.openjdk.hotspot.jre.full.win32.x86_64_17.0.8.v20230831-1047\jre\bin\msvcp140.dll
0x00007ffc15a00000 - 0x00007ffc1664c000 	C:\Users\malla\.p2\pool\plugins\org.eclipse.justj.openjdk.hotspot.jre.full.win32.x86_64_17.0.8.v20230831-1047\jre\bin\server\jvm.dll
0x00007ffcfb350000 - 0x00007ffcfb400000 	C:\Windows\System32\ADVAPI32.dll
0x00007ffcfba30000 - 0x00007ffcfbad6000 	C:\Windows\System32\sechost.dll
0x00007ffcfbae0000 - 0x00007ffcfbbf7000 	C:\Windows\System32\RPCRT4.dll
0x00007ffcf2450000 - 0x00007ffcf2484000 	C:\Windows\SYSTEM32\WINMM.dll
0x00007ffcf80f0000 - 0x00007ffcf813d000 	C:\Windows\SYSTEM32\POWRPROF.dll
0x00007ffcf4470000 - 0x00007ffcf4479000 	C:\Windows\SYSTEM32\WSOCK32.dll
0x00007ffcfa550000 - 0x00007ffcfa5c1000 	C:\Windows\System32\WS2_32.dll
0x00007ffcf3370000 - 0x00007ffcf337a000 	C:\Windows\SYSTEM32\VERSION.dll
0x00007ffcf80d0000 - 0x00007ffcf80e3000 	C:\Windows\SYSTEM32\UMPDC.dll
0x00007ffcf8330000 - 0x00007ffcf8348000 	C:\Windows\SYSTEM32\kernel.appcore.dll
0x00007ffcf10d0000 - 0x00007ffcf10da000 	C:\Users\malla\.p2\pool\plugins\org.eclipse.justj.openjdk.hotspot.jre.full.win32.x86_64_17.0.8.v20230831-1047\jre\bin\jimage.dll
0x00007ffcf7780000 - 0x00007ffcf79ae000 	C:\Windows\SYSTEM32\DBGHELP.DLL
0x00007ffcfad90000 - 0x00007ffcfb11a000 	C:\Windows\System32\combase.dll
0x00007ffcfbdb0000 - 0x00007ffcfbe87000 	C:\Windows\System32\OLEAUT32.dll
0x00007ffce8700000 - 0x00007ffce8732000 	C:\Windows\SYSTEM32\dbgcore.DLL
0x00007ffcf9be0000 - 0x00007ffcf9c5a000 	C:\Windows\System32\bcryptPrimitives.dll
0x00007ffccfc70000 - 0x00007ffccfc95000 	C:\Users\malla\.p2\pool\plugins\org.eclipse.justj.openjdk.hotspot.jre.full.win32.x86_64_17.0.8.v20230831-1047\jre\bin\java.dll
0x00007ffce92f0000 - 0x00007ffce9308000 	C:\Users\malla\.p2\pool\plugins\org.eclipse.justj.openjdk.hotspot.jre.full.win32.x86_64_17.0.8.v20230831-1047\jre\bin\zip.dll
0x00007ffcf9c60000 - 0x00007ffcfa483000 	C:\Windows\System32\SHELL32.dll
0x00007ffcf6e90000 - 0x00007ffcf777a000 	C:\Windows\SYSTEM32\windows.storage.dll
0x00007ffcf6d50000 - 0x00007ffcf6e8e000 	C:\Windows\SYSTEM32\wintypes.dll
0x00007ffcfac60000 - 0x00007ffcfad53000 	C:\Windows\System32\SHCORE.dll
0x00007ffcfb510000 - 0x00007ffcfb56e000 	C:\Windows\System32\shlwapi.dll
0x00007ffcf91b0000 - 0x00007ffcf91d6000 	C:\Windows\SYSTEM32\profapi.dll
0x00007ffce6f80000 - 0x00007ffce6f99000 	C:\Users\malla\.p2\pool\plugins\org.eclipse.justj.openjdk.hotspot.jre.full.win32.x86_64_17.0.8.v20230831-1047\jre\bin\net.dll
0x00007ffcf2310000 - 0x00007ffcf2447000 	C:\Windows\SYSTEM32\WINHTTP.dll
0x00007ffcf8800000 - 0x00007ffcf8869000 	C:\Windows\system32\mswsock.dll
0x00007ffce5f20000 - 0x00007ffce5f35000 	C:\Users\malla\.p2\pool\plugins\org.eclipse.justj.openjdk.hotspot.jre.full.win32.x86_64_17.0.8.v20230831-1047\jre\bin\nio.dll
0x00007ffcf8a70000 - 0x00007ffcf8a8b000 	C:\Windows\SYSTEM32\CRYPTSP.dll
0x00007ffcf82f0000 - 0x00007ffcf8325000 	C:\Windows\system32\rsaenh.dll
0x00007ffcf8910000 - 0x00007ffcf893c000 	C:\Windows\SYSTEM32\USERENV.dll
0x00007ffcf8c30000 - 0x00007ffcf8c58000 	C:\Windows\SYSTEM32\bcrypt.dll
0x00007ffcf8a90000 - 0x00007ffcf8a9c000 	C:\Windows\SYSTEM32\CRYPTBASE.dll
0x00007ffcf7d90000 - 0x00007ffcf7dbd000 	C:\Windows\SYSTEM32\IPHLPAPI.DLL
0x00007ffcfb6d0000 - 0x00007ffcfb6d9000 	C:\Windows\System32\NSI.dll
0x00007ffcf3380000 - 0x00007ffcf3399000 	C:\Windows\SYSTEM32\dhcpcsvc6.DLL
0x00007ffcf1960000 - 0x00007ffcf197f000 	C:\Windows\SYSTEM32\dhcpcsvc.DLL
0x00007ffcf7e00000 - 0x00007ffcf7ef2000 	C:\Windows\SYSTEM32\DNSAPI.dll
0x00007ffc2ac00000 - 0x00007ffc2bfde000 	C:\Users\malla\AppData\Local\Temp\ortools-java14954456355834160757\ortools-win32-x86-64\jniortools.dll

dbghelp: loaded successfully - version: 4.0.5 - missing functions: none
symbol engine: initialized successfully - sym options: 0x614 - pdb path: .;C:\Users\malla\.p2\pool\plugins\org.eclipse.justj.openjdk.hotspot.jre.full.win32.x86_64_17.0.8.v20230831-1047\jre\bin;C:\Windows\SYSTEM32;C:\Windows\WinSxS\amd64_microsoft.windows.common-controls_6595b64144ccf1df_6.0.22621.2215_none_270d72677387dfc3;C:\Users\malla\.p2\pool\plugins\org.eclipse.justj.openjdk.hotspot.jre.full.win32.x86_64_17.0.8.v20230831-1047\jre\bin\server;C:\Users\malla\AppData\Local\Temp\ortools-java14954456355834160757\ortools-win32-x86-64

VM Arguments:
jvm_args: -Dfile.encoding=UTF-8 -XX:+ShowCodeDetailsInExceptionMessages 
java_command: com.google.ortools.java.CapacitatedVehicleRoutingProblemWithTimeWindows
java_class_path (initial): C:\Users\malla\eclipse-workspace\tutotial\target\classes;C:\Users\malla\.m2\repository\com\google\ortools\ortools-java\9.7.2996\ortools-java-9.7.2996.jar;C:\Users\malla\.m2\repository\com\google\ortools\ortools-linux-x86-64\9.7.2996\ortools-linux-x86-64-9.7.2996.jar;C:\Users\malla\.m2\repository\com\google\ortools\ortools-darwin-x86-64\9.7.2996\ortools-darwin-x86-64-9.7.2996.jar;C:\Users\malla\.m2\repository\com\google\ortools\ortools-win32-x86-64\9.7.2996\ortools-win32-x86-64-9.7.2996.jar;C:\Users\malla\.m2\repository\com\google\ortools\ortools-linux-aarch64\9.7.2996\ortools-linux-aarch64-9.7.2996.jar;C:\Users\malla\.m2\repository\com\google\ortools\ortools-darwin-aarch64\9.7.2996\ortools-darwin-aarch64-9.7.2996.jar;C:\Users\malla\.m2\repository\net\java\dev\jna\jna-platform\5.13.0\jna-platform-5.13.0.jar;C:\Users\malla\.m2\repository\net\java\dev\jna\jna\5.13.0\jna-5.13.0.jar;C:\Users\malla\.m2\repository\com\google\protobuf\protobuf-java\3.23.3\protobuf-java-3.23.3.jar;C:\Users\malla\.m2\repository\com\graphhopper\jsprit-core\1.8\jsprit-core-1.8.jar;C:\Users\malla\.m2\repository\org\apache\commons\commons-math3\3.4\commons-math3-3.4.jar;C:\Users\malla\.m2\repository\org\slf4j\slf4j-api\1.7.21\slf4j-api-1.7.21.jar;C:\Users\malla\.m2\repository\com\graphhopper\jsprit-analysis\1.8\jsprit-analysis-1.8.jar;C:\Users\malla\.m2\repository\org\jfree\jfreechart\1.0.19\jfreechart-1.0.19.jar;C:\Users\malla\.m2\repository\org\jfree\jcommon\1.0.23\jcommon-1.0.23.jar;C:\Users\malla\.m2\repository\org\graphstream\gs-core\1.3\gs-core-1.3.jar;C:\Users\malla\.m2\repository\junit\junit\4.12\junit-4.12.jar;C:\Users\malla\.m2\repository\org\hamcrest\hamcrest-core\1.3\hamcrest-core-1.3.jar;C:\Users\malla\.m2\repository\org\graphstream\pherd\1.0\pherd-1.0.jar;C:\Users\malla\.m2\repository\org\graphstream\mbox2\1.0\mbox2-1.0.jar;C:\Users\malla\.m2\repository\org\graphstream\gs-ui\1.3\gs-ui-1.3.jar;C:\Users\malla\.m2\repository\org\graphstream\gs-algo\1.3\gs-a
Launcher Type: SUN_STANDARD

[Global flags]
     intx CICompilerCount                          = 4                                         {product} {ergonomic}
     uint ConcGCThreads                            = 3                                         {product} {ergonomic}
     uint G1ConcRefinementThreads                  = 10                                        {product} {ergonomic}
   size_t G1HeapRegionSize                         = 1048576                                   {product} {ergonomic}
    uintx GCDrainStackTargetSize                   = 64                                        {product} {ergonomic}
   size_t InitialHeapSize                          = 132120576                                 {product} {ergonomic}
   size_t MarkStackSize                            = 4194304                                   {product} {ergonomic}
   size_t MaxHeapSize                              = 2086666240                                {product} {ergonomic}
   size_t MaxNewSize                               = 1251999744                                {product} {ergonomic}
   size_t MinHeapDeltaBytes                        = 1048576                                   {product} {ergonomic}
   size_t MinHeapSize                              = 8388608                                   {product} {ergonomic}
    uintx NonNMethodCodeHeapSize                   = 5839372                                {pd product} {ergonomic}
    uintx NonProfiledCodeHeapSize                  = 122909434                              {pd product} {ergonomic}
    uintx ProfiledCodeHeapSize                     = 122909434                              {pd product} {ergonomic}
    uintx ReservedCodeCacheSize                    = 251658240                              {pd product} {ergonomic}
     bool SegmentedCodeCache                       = true                                      {product} {ergonomic}
     bool ShowCodeDetailsInExceptionMessages       = true                                   {manageable} {command line}
   size_t SoftMaxHeapSize                          = 2086666240                             {manageable} {ergonomic}
     bool UseCompressedClassPointers               = true                           {product lp64_product} {ergonomic}
     bool UseCompressedOops                        = true                           {product lp64_product} {ergonomic}
     bool UseG1GC                                  = true                                      {product} {ergonomic}
     bool UseLargePagesIndividualAllocation        = false                                  {pd product} {ergonomic}

Logging:
Log output configuration:
 #0: stdout all=warning uptime,level,tags
 #1: stderr all=off uptime,level,tags

Environment Variables:
PATH=C:/Users/malla/.p2/pool/plugins/org.eclipse.justj.openjdk.hotspot.jre.full.win32.x86_64_17.0.8.v20230831-1047/jre/bin/server;C:/Users/malla/.p2/pool/plugins/org.eclipse.justj.openjdk.hotspot.jre.full.win32.x86_64_17.0.8.v20230831-1047/jre/bin;C:\Windows\system32;C:\Windows;C:\Windows\System32\Wbem;C:\Windows\System32\WindowsPowerShell\v1.0\;C:\Windows\System32\OpenSSH\;C:\Program Files (x86)\NVIDIA Corporation\PhysX\Common;C:\Program Files\NVIDIA Corporation\NVIDIA NvDLISR;C:\Program Files\Microsoft SQL Server\120\Tools\Binn\;C:\Program Files\Common Files\Autodesk Shared\;C:\Program Files\MATLAB\R2022b\bin;C:\Program Files\dotnet\;C:\Users\malla\AppData\Local\Programs\Python\Python311\Scripts\;C:\Users\malla\AppData\Local\Programs\Python\Python311\;C:\Users\malla\AppData\Local\Programs\Python\Launcher\;C:\Users\malla\AppData\Local\Microsoft\WindowsApps;;C:\Users\malla\Desktop;
USERNAME=malla
OS=Windows_NT
PROCESSOR_IDENTIFIER=Intel64 Family 6 Model 141 Stepping 1, GenuineIntel
TMP=C:\Users\malla\AppData\Local\Temp
TEMP=C:\Users\malla\AppData\Local\Temp



---------------  S Y S T E M  ---------------

OS:
 Windows 11 , 64 bit Build 22621 (10.0.22621.2215)
OS uptime: 16 days 5:42 hours
Hyper-V role detected

CPU: total 12 (initial active 12) (6 cores per cpu, 2 threads per core) family 6 model 141 stepping 1 microcode 0x3c, cx8, cmov, fxsr, ht, mmx, 3dnowpref, sse, sse2, sse3, ssse3, sse4.1, sse4.2, popcnt, lzcnt, tsc, tscinvbit, avx, avx2, aes, erms, clmul, bmi1, bmi2, adx, avx512f, avx512dq, avx512cd, avx512bw, avx512vl, sha, fma, vzeroupper, avx512_vpopcntdq, avx512_vpclmulqdq, avx512_vaes, avx512_vnni, clflush, clflushopt, clwb, avx512_vbmi2, avx512_vbmi, hv
Processor Information for processor 0
  Max Mhz: 2688, Current Mhz: 2688, Mhz Limit: 2688
Processor Information for processor 1
  Max Mhz: 2688, Current Mhz: 2688, Mhz Limit: 2688
Processor Information for processor 2
  Max Mhz: 2688, Current Mhz: 2688, Mhz Limit: 2688
Processor Information for processor 3
  Max Mhz: 2688, Current Mhz: 2688, Mhz Limit: 2688
Processor Information for processor 4
  Max Mhz: 2688, Current Mhz: 995, Mhz Limit: 2688
Processor Information for processor 5
  Max Mhz: 2688, Current Mhz: 995, Mhz Limit: 2688
Processor Information for processor 6
  Max Mhz: 2688, Current Mhz: 995, Mhz Limit: 2688
Processor Information for processor 7
  Max Mhz: 2688, Current Mhz: 995, Mhz Limit: 2688
Processor Information for processor 8
  Max Mhz: 2688, Current Mhz: 995, Mhz Limit: 2688
Processor Information for processor 9
  Max Mhz: 2688, Current Mhz: 2688, Mhz Limit: 2688
Processor Information for processor 10
  Max Mhz: 2688, Current Mhz: 2688, Mhz Limit: 2688
Processor Information for processor 11
  Max Mhz: 2688, Current Mhz: 2688, Mhz Limit: 2688

Memory: 4k page, system-wide physical 7955M (830M free)
TotalPageFile size 23315M (AvailPageFile size 5786M)
current process WorkingSet (physical memory assigned to process): 57M, peak: 57M
current process commit charge ("private bytes"): 220M, peak: 220M

vm_info: OpenJDK 64-Bit Server VM (17.0.8.1+1) for windows-amd64 JRE (17.0.8.1+1), built on Aug 23 2023 15:29:17 by "admin" with MS VC++ 16.7 (VS2019)

END.
