#
# A fatal error has been detected by the Java Runtime Environment:
#
#  EXCEPTION_ACCESS_VIOLATION (0xc0000005) at pc=0x00007ffd3be52073, pid=24848, tid=24376
#
# JRE version: OpenJDK Runtime Environment Temurin-17.0.8.1+1 (17.0.8.1+1) (build 17.0.8.1+1)
# Java VM: OpenJDK 64-Bit Server VM Temurin-17.0.8.1+1 (17.0.8.1+1, mixed mode, tiered, compressed oops, compressed class ptrs, g1 gc, windows-amd64)
# Problematic frame:
# C  [jniortools.dll+0x22073]
#
# No core dump will be written. Minidumps are not enabled by default on client versions of Windows
#
# If you would like to submit a bug report, please visit:
#   https://github.com/adoptium/adoptium-support/issues
# The crash happened outside the Java Virtual Machine in native code.
# See problematic frame for where to report the bug.
#

---------------  S U M M A R Y ------------

Command Line: -Dfile.encoding=UTF-8 -XX:+ShowCodeDetailsInExceptionMessages com.google.ortools.constraintsolver.samples.VrpPickupDelivery

Host: 11th Gen Intel(R) Core(TM) i5-11400H @ 2.70GHz, 12 cores, 7G,  Windows 11 , 64 bit Build 22621 (10.0.22621.2428)
Time: Sun Oct 22 20:26:16 2023 Hora oficial do Brasil elapsed time: 1.221187 seconds (0d 0h 0m 1s)

---------------  T H R E A D  ---------------

Current thread (0x0000026a609f6550):  JavaThread "main" [_thread_in_native, id=24376, stack(0x000000cabed00000,0x000000cabee00000)]

Stack: [0x000000cabed00000,0x000000cabee00000],  sp=0x000000cabedfdea0,  free space=1015k
Native frames: (J=compiled Java code, j=interpreted, Vv=VM code, C=native code)
C  [jniortools.dll+0x22073]

Java frames: (J=compiled Java code, j=interpreted, Vv=VM code)
j  com.google.ortools.constraintsolver.mainJNI.RoutingModel_solveWithParameters(JLcom/google/ortools/constraintsolver/RoutingModel;[B)J+0
j  com.google.ortools.constraintsolver.RoutingModel.solveWithParameters(Lcom/google/ortools/constraintsolver/RoutingSearchParameters;)Lcom/google/ortools/constraintsolver/Assignment;+9
j  com.google.ortools.constraintsolver.samples.VrpPickupDelivery.main([Ljava/lang/String;)V+846
v  ~StubRoutines::call_stub

siginfo: EXCEPTION_ACCESS_VIOLATION (0xc0000005), reading address 0xffffffffffffffff


Register to memory mapping:

RIP=0x00007ffd3be52073 jniortools.dll
RAX=0x03ffffffffffffff is an unknown value
RBX=0x0000026a7fbf0ce0 points into unknown readable memory: 0x0000026a7fb308f0 | f0 08 b3 7f 6a 02 00 00
RCX=0x000000000000003f is an unknown value
RDX=0x0000026a7fb32340 points into unknown readable memory: 0x0000000000000001 | 01 00 00 00 00 00 00 00
RSP=0x000000cabedfdea0 is pointing into the stack for thread: 0x0000026a609f6550
RBP=0x8000000000000000 is an unknown value
RSI=0x000000000000003f is an unknown value
RDI=0xffffffffffffffff is an unknown value
R8 =0x0000026a7fbf23e8 points into unknown readable memory: 0x0000000000000003 | 03 00 00 00 00 00 00 00
R9 =0x0000026a7fbf23e8 points into unknown readable memory: 0x0000000000000003 | 03 00 00 00 00 00 00 00
R10=0x0000026a00002eb0 points into unknown readable memory: 0x000000100000000e | 0e 00 00 00 10 00 00 00
R11=0x000000cabedfded0 is pointing into the stack for thread: 0x0000026a609f6550
R12=0x0000000000000013 is an unknown value
R13=0x0 is NULL
R14=0x1ffffffffffffff8 is an unknown value
R15=0xffffffffffffffff is an unknown value


Registers:
RAX=0x03ffffffffffffff, RBX=0x0000026a7fbf0ce0, RCX=0x000000000000003f, RDX=0x0000026a7fb32340
RSP=0x000000cabedfdea0, RBP=0x8000000000000000, RSI=0x000000000000003f, RDI=0xffffffffffffffff
R8 =0x0000026a7fbf23e8, R9 =0x0000026a7fbf23e8, R10=0x0000026a00002eb0, R11=0x000000cabedfded0
R12=0x0000000000000013, R13=0x0000000000000000, R14=0x1ffffffffffffff8, R15=0xffffffffffffffff
RIP=0x00007ffd3be52073, EFLAGS=0x0000000000010286

Top of Stack: (sp=0x000000cabedfdea0)
0x000000cabedfdea0:   0000000000000000 0000026a7faebe10
0x000000cabedfdeb0:   0000000000000000 0000026a7fbe8bb0
0x000000cabedfdec0:   0000000000000000 0000000000000008
0x000000cabedfded0:   0000026a7fbf0de0 00007ffd3c381bd9
0x000000cabedfdee0:   ffffffffffffffff 0000026a7fbf0ca0
0x000000cabedfdef0:   0000000000000000 00007ffd3c36e3c7
0x000000cabedfdf00:   0000026a00000001 0000026a7fbe87e0
0x000000cabedfdf10:   0000026a7fbf51e8 0000026a7fbf51e8
0x000000cabedfdf20:   0000026a0020de10 0000000000000000
0x000000cabedfdf30:   0000026a7fbdf620 0000000000000008
0x000000cabedfdf40:   0000026a7fbdf710 0000000000000001
0x000000cabedfdf50:   0000026a00002df0 00007ffd3c09d89c
0x000000cabedfdf60:   000000000000000a 0000026a7fbdf710
0x000000cabedfdf70:   0000026a0020de10 0000000000000013
0x000000cabedfdf80:   0000026a0020de10 0000000000000000
0x000000cabedfdf90:   0000000000000008 00007ffd3c09d89c 

Instructions: (pc=0x00007ffd3be52073)
0x00007ffd3be51f73:   40 30 48 8b 53 08 48 8b cf 41 ff d0 48 8b d0 48
0x00007ffd3be51f83:   85 c0 74 14 48 8b 07 4c 8b 48 70 4c 8d 05 fb f3
0x00007ffd3be51f93:   02 01 48 8b cf 41 ff d1 48 85 f6 74 14 48 8b 07
0x00007ffd3be51fa3:   4c 8b 80 b8 00 00 00 48 8b d6 48 8b cf 41 ff d0
0x00007ffd3be51fb3:   90 83 7c 24 30 fe 75 14 48 8b 4c 24 20 48 8b 49
0x00007ffd3be51fc3:   08 48 8b 11 4c 8b 42 28 41 ff d0 90 40 0f b6 c5
0x00007ffd3be51fd3:   48 8b 5c 24 60 48 8b 6c 24 68 48 8b 74 24 70 48
0x00007ffd3be51fe3:   83 c4 50 5f c3 48 8b d0 48 8b cf e8 bd c5 00 00
0x00007ffd3be51ff3:   cc cc cc cc cc cc cc cc cc cc cc cc cc e9 5b c4
0x00007ffd3be52003:   24 00 cc cc cc cc cc cc cc cc cc cc cc e9 5b bf
0x00007ffd3be52013:   ff ff cc cc cc cc cc cc cc cc cc cc cc e9 8b c5
0x00007ffd3be52023:   24 00 cc cc cc cc cc cc cc cc cc cc cc 48 89 5c
0x00007ffd3be52033:   24 10 48 89 6c 24 18 56 57 41 56 48 83 ec 20 48
0x00007ffd3be52043:   63 f2 48 8b fa 48 8b c6 48 89 54 24 40 48 8b 91
0x00007ffd3be52053:   c8 00 00 00 83 e6 3f 48 c1 e8 06 48 8b d9 8b ce
0x00007ffd3be52063:   bd 01 00 00 00 48 d3 e5 4c 8d 34 c5 00 00 00 00
0x00007ffd3be52073:   48 8b 04 c2 48 85 c5 75 36 48 0f ab f0 4a 89 04
0x00007ffd3be52083:   32 48 8d 8b e0 00 00 00 48 8b 93 e8 00 00 00 48
0x00007ffd3be52093:   3b 93 f0 00 00 00 74 0d 48 89 3a 48 83 83 e8 00
0x00007ffd3be520a3:   00 00 08 eb 0a 4c 8d 44 24 40 e8 2e 1d fe ff 48
0x00007ffd3be520b3:   8b 8b 90 00 00 00 48 89 7c 24 40 4a 8b 04 31 48
0x00007ffd3be520c3:   85 c5 75 36 48 0f ab f0 4a 89 04 31 48 8d 8b a8
0x00007ffd3be520d3:   00 00 00 48 8b 93 b0 00 00 00 48 3b 93 b8 00 00
0x00007ffd3be520e3:   00 74 0d 48 89 3a 48 83 83 b0 00 00 00 08 eb 0a
0x00007ffd3be520f3:   4c 8d 44 24 40 e8 e3 1c fe ff 48 8b 5c 24 48 48
0x00007ffd3be52103:   8b 6c 24 50 48 83 c4 20 41 5e 5f 5e c3 48 89 5c
0x00007ffd3be52113:   24 08 48 89 74 24 10 48 89 7c 24 18 55 41 54 41
0x00007ffd3be52123:   55 41 56 41 57 48 8d 6c 24 c9 48 81 ec 90 00 00
0x00007ffd3be52133:   00 4d 8b f8 4c 8b e2 48 8b f1 45 33 f6 48 8d 99
0x00007ffd3be52143:   78 01 00 00 48 85 c9 49 0f 44 de 48 89 5d d7 4c
0x00007ffd3be52153:   89 75 df 44 89 75 e7 48 8d 81 80 01 00 00 41 bd
0x00007ffd3be52163:   08 00 00 00 49 0f 44 c5 48 8b 08 48 8b 01 4c 8b 


Stack slot to memory mapping:
stack at sp + 0 slots: 0x0 is NULL
stack at sp + 1 slots: 0x0000026a7faebe10 points into unknown readable memory: 0x0000026a7faebe10 | 10 be ae 7f 6a 02 00 00
stack at sp + 2 slots: 0x0 is NULL
stack at sp + 3 slots: 0x0000026a7fbe8bb0 points into unknown readable memory: 0x0000026a7faeb910 | 10 b9 ae 7f 6a 02 00 00
stack at sp + 4 slots: 0x0 is NULL
stack at sp + 5 slots: 0x0000000000000008 is an unknown value
stack at sp + 6 slots: 0x0000026a7fbf0de0 points into unknown readable memory: 0x0000000000000000 | 00 00 00 00 00 00 00 00
stack at sp + 7 slots: 0x00007ffd3c381bd9 jniortools.dll


---------------  P R O C E S S  ---------------

Threads class SMR info:
_java_thread_list=0x0000026a7f74d0b0, length=12, elements={
0x0000026a609f6550, 0x0000026a7acb8c20, 0x0000026a7acbae80, 0x0000026a7f033d80,
0x0000026a7f036760, 0x0000026a7f0487b0, 0x0000026a7f049080, 0x0000026a7f04d530,
0x0000026a7f059040, 0x0000026a7f06cd60, 0x0000026a7f1ccca0, 0x0000026a7f1ce5a0
}

Java Threads: ( => current thread )
=>0x0000026a609f6550 JavaThread "main" [_thread_in_native, id=24376, stack(0x000000cabed00000,0x000000cabee00000)]
  0x0000026a7acb8c20 JavaThread "Reference Handler" daemon [_thread_blocked, id=19072, stack(0x000000cabf400000,0x000000cabf500000)]
  0x0000026a7acbae80 JavaThread "Finalizer" daemon [_thread_blocked, id=20076, stack(0x000000cabf500000,0x000000cabf600000)]
  0x0000026a7f033d80 JavaThread "Signal Dispatcher" daemon [_thread_blocked, id=15316, stack(0x000000cabf600000,0x000000cabf700000)]
  0x0000026a7f036760 JavaThread "Attach Listener" daemon [_thread_blocked, id=11916, stack(0x000000cabf700000,0x000000cabf800000)]
  0x0000026a7f0487b0 JavaThread "Service Thread" daemon [_thread_blocked, id=5380, stack(0x000000cabf800000,0x000000cabf900000)]
  0x0000026a7f049080 JavaThread "Monitor Deflation Thread" daemon [_thread_blocked, id=21984, stack(0x000000cabf900000,0x000000cabfa00000)]
  0x0000026a7f04d530 JavaThread "C2 CompilerThread0" daemon [_thread_blocked, id=2456, stack(0x000000cabfa00000,0x000000cabfb00000)]
  0x0000026a7f059040 JavaThread "C1 CompilerThread0" daemon [_thread_blocked, id=11260, stack(0x000000cabfb00000,0x000000cabfc00000)]
  0x0000026a7f06cd60 JavaThread "Sweeper thread" daemon [_thread_blocked, id=24864, stack(0x000000cabfc00000,0x000000cabfd00000)]
  0x0000026a7f1ccca0 JavaThread "Notification Thread" daemon [_thread_blocked, id=14804, stack(0x000000cabfd00000,0x000000cabfe00000)]
  0x0000026a7f1ce5a0 JavaThread "Common-Cleaner" daemon [_thread_blocked, id=17340, stack(0x000000cabff00000,0x000000cac0000000)]

Other Threads:
  0x0000026a7acb35b0 VMThread "VM Thread" [stack: 0x000000cabf300000,0x000000cabf400000] [id=16116]
  0x0000026a60a7c430 WatcherThread [stack: 0x000000cabfe00000,0x000000cabff00000] [id=25004]
  0x0000026a60a54230 GCTaskThread "GC Thread#0" [stack: 0x000000cabee00000,0x000000cabef00000] [id=21980]
  0x0000026a60a64a40 ConcurrentGCThread "G1 Main Marker" [stack: 0x000000cabef00000,0x000000cabf000000] [id=13396]
  0x0000026a60a65bf0 ConcurrentGCThread "G1 Conc#0" [stack: 0x000000cabf000000,0x000000cabf100000] [id=21412]
  0x0000026a60aae150 ConcurrentGCThread "G1 Refine#0" [stack: 0x000000cabf100000,0x000000cabf200000] [id=8188]
  0x0000026a60aaeb80 ConcurrentGCThread "G1 Service" [stack: 0x000000cabf200000,0x000000cabf300000] [id=14220]

Threads with active compile tasks:

VM state: not at safepoint (normal execution)

VM Mutex/Monitor currently owned by a thread: None

Heap address: 0x0000000083a00000, size: 1990 MB, Compressed Oops mode: 32-bit

CDS archive(s) not mapped
Compressed class space mapped at: 0x0000000100000000-0x0000000140000000, reserved size: 1073741824
Narrow klass base: 0x0000000000000000, Narrow klass shift: 3, Narrow klass range: 0x140000000

GC Precious Log:
 CPUs: 12 total, 12 available
 Memory: 7955M
 Large Page Support: Disabled
 NUMA Support: Disabled
 Compressed Oops: Enabled (32-bit)
 Heap Region Size: 1M
 Heap Min Capacity: 8M
 Heap Initial Capacity: 126M
 Heap Max Capacity: 1990M
 Pre-touch: Disabled
 Parallel Workers: 10
 Concurrent Workers: 3
 Concurrent Refinement Workers: 10
 Periodic GC: Disabled

Heap:
 garbage-first heap   total 129024K, used 10240K [0x0000000083a00000, 0x0000000100000000)
  region size 1024K, 12 young (12288K), 0 survivors (0K)
 Metaspace       used 12812K, committed 12992K, reserved 1114112K
  class space    used 1029K, committed 1152K, reserved 1048576K

Heap Regions: E=young(eden), S=young(survivor), O=old, HS=humongous(starts), HC=humongous(continues), CS=collection set, F=free, OA=open archive, CA=closed archive, TAMS=top-at-mark-start (previous, next)
|   0|0x0000000083a00000, 0x0000000083a00000, 0x0000000083b00000|  0%| F|  |TAMS 0x0000000083a00000, 0x0000000083a00000| Untracked 
|   1|0x0000000083b00000, 0x0000000083b00000, 0x0000000083c00000|  0%| F|  |TAMS 0x0000000083b00000, 0x0000000083b00000| Untracked 
|   2|0x0000000083c00000, 0x0000000083c00000, 0x0000000083d00000|  0%| F|  |TAMS 0x0000000083c00000, 0x0000000083c00000| Untracked 
|   3|0x0000000083d00000, 0x0000000083d00000, 0x0000000083e00000|  0%| F|  |TAMS 0x0000000083d00000, 0x0000000083d00000| Untracked 
|   4|0x0000000083e00000, 0x0000000083e00000, 0x0000000083f00000|  0%| F|  |TAMS 0x0000000083e00000, 0x0000000083e00000| Untracked 
|   5|0x0000000083f00000, 0x0000000083f00000, 0x0000000084000000|  0%| F|  |TAMS 0x0000000083f00000, 0x0000000083f00000| Untracked 
|   6|0x0000000084000000, 0x0000000084000000, 0x0000000084100000|  0%| F|  |TAMS 0x0000000084000000, 0x0000000084000000| Untracked 
|   7|0x0000000084100000, 0x0000000084100000, 0x0000000084200000|  0%| F|  |TAMS 0x0000000084100000, 0x0000000084100000| Untracked 
|   8|0x0000000084200000, 0x0000000084200000, 0x0000000084300000|  0%| F|  |TAMS 0x0000000084200000, 0x0000000084200000| Untracked 
|   9|0x0000000084300000, 0x0000000084300000, 0x0000000084400000|  0%| F|  |TAMS 0x0000000084300000, 0x0000000084300000| Untracked 
|  10|0x0000000084400000, 0x0000000084400000, 0x0000000084500000|  0%| F|  |TAMS 0x0000000084400000, 0x0000000084400000| Untracked 
|  11|0x0000000084500000, 0x0000000084500000, 0x0000000084600000|  0%| F|  |TAMS 0x0000000084500000, 0x0000000084500000| Untracked 
|  12|0x0000000084600000, 0x0000000084600000, 0x0000000084700000|  0%| F|  |TAMS 0x0000000084600000, 0x0000000084600000| Untracked 
|  13|0x0000000084700000, 0x0000000084700000, 0x0000000084800000|  0%| F|  |TAMS 0x0000000084700000, 0x0000000084700000| Untracked 
|  14|0x0000000084800000, 0x0000000084800000, 0x0000000084900000|  0%| F|  |TAMS 0x0000000084800000, 0x0000000084800000| Untracked 
|  15|0x0000000084900000, 0x0000000084900000, 0x0000000084a00000|  0%| F|  |TAMS 0x0000000084900000, 0x0000000084900000| Untracked 
|  16|0x0000000084a00000, 0x0000000084a00000, 0x0000000084b00000|  0%| F|  |TAMS 0x0000000084a00000, 0x0000000084a00000| Untracked 
|  17|0x0000000084b00000, 0x0000000084b00000, 0x0000000084c00000|  0%| F|  |TAMS 0x0000000084b00000, 0x0000000084b00000| Untracked 
|  18|0x0000000084c00000, 0x0000000084c00000, 0x0000000084d00000|  0%| F|  |TAMS 0x0000000084c00000, 0x0000000084c00000| Untracked 
|  19|0x0000000084d00000, 0x0000000084d00000, 0x0000000084e00000|  0%| F|  |TAMS 0x0000000084d00000, 0x0000000084d00000| Untracked 
|  20|0x0000000084e00000, 0x0000000084e00000, 0x0000000084f00000|  0%| F|  |TAMS 0x0000000084e00000, 0x0000000084e00000| Untracked 
|  21|0x0000000084f00000, 0x0000000084f00000, 0x0000000085000000|  0%| F|  |TAMS 0x0000000084f00000, 0x0000000084f00000| Untracked 
|  22|0x0000000085000000, 0x0000000085000000, 0x0000000085100000|  0%| F|  |TAMS 0x0000000085000000, 0x0000000085000000| Untracked 
|  23|0x0000000085100000, 0x0000000085100000, 0x0000000085200000|  0%| F|  |TAMS 0x0000000085100000, 0x0000000085100000| Untracked 
|  24|0x0000000085200000, 0x0000000085200000, 0x0000000085300000|  0%| F|  |TAMS 0x0000000085200000, 0x0000000085200000| Untracked 
|  25|0x0000000085300000, 0x0000000085300000, 0x0000000085400000|  0%| F|  |TAMS 0x0000000085300000, 0x0000000085300000| Untracked 
|  26|0x0000000085400000, 0x0000000085400000, 0x0000000085500000|  0%| F|  |TAMS 0x0000000085400000, 0x0000000085400000| Untracked 
|  27|0x0000000085500000, 0x0000000085500000, 0x0000000085600000|  0%| F|  |TAMS 0x0000000085500000, 0x0000000085500000| Untracked 
|  28|0x0000000085600000, 0x0000000085600000, 0x0000000085700000|  0%| F|  |TAMS 0x0000000085600000, 0x0000000085600000| Untracked 
|  29|0x0000000085700000, 0x0000000085700000, 0x0000000085800000|  0%| F|  |TAMS 0x0000000085700000, 0x0000000085700000| Untracked 
|  30|0x0000000085800000, 0x0000000085800000, 0x0000000085900000|  0%| F|  |TAMS 0x0000000085800000, 0x0000000085800000| Untracked 
|  31|0x0000000085900000, 0x0000000085900000, 0x0000000085a00000|  0%| F|  |TAMS 0x0000000085900000, 0x0000000085900000| Untracked 
|  32|0x0000000085a00000, 0x0000000085a00000, 0x0000000085b00000|  0%| F|  |TAMS 0x0000000085a00000, 0x0000000085a00000| Untracked 
|  33|0x0000000085b00000, 0x0000000085b00000, 0x0000000085c00000|  0%| F|  |TAMS 0x0000000085b00000, 0x0000000085b00000| Untracked 
|  34|0x0000000085c00000, 0x0000000085c00000, 0x0000000085d00000|  0%| F|  |TAMS 0x0000000085c00000, 0x0000000085c00000| Untracked 
|  35|0x0000000085d00000, 0x0000000085d00000, 0x0000000085e00000|  0%| F|  |TAMS 0x0000000085d00000, 0x0000000085d00000| Untracked 
|  36|0x0000000085e00000, 0x0000000085e00000, 0x0000000085f00000|  0%| F|  |TAMS 0x0000000085e00000, 0x0000000085e00000| Untracked 
|  37|0x0000000085f00000, 0x0000000085f00000, 0x0000000086000000|  0%| F|  |TAMS 0x0000000085f00000, 0x0000000085f00000| Untracked 
|  38|0x0000000086000000, 0x0000000086000000, 0x0000000086100000|  0%| F|  |TAMS 0x0000000086000000, 0x0000000086000000| Untracked 
|  39|0x0000000086100000, 0x0000000086100000, 0x0000000086200000|  0%| F|  |TAMS 0x0000000086100000, 0x0000000086100000| Untracked 
|  40|0x0000000086200000, 0x0000000086200000, 0x0000000086300000|  0%| F|  |TAMS 0x0000000086200000, 0x0000000086200000| Untracked 
|  41|0x0000000086300000, 0x0000000086300000, 0x0000000086400000|  0%| F|  |TAMS 0x0000000086300000, 0x0000000086300000| Untracked 
|  42|0x0000000086400000, 0x0000000086400000, 0x0000000086500000|  0%| F|  |TAMS 0x0000000086400000, 0x0000000086400000| Untracked 
|  43|0x0000000086500000, 0x0000000086500000, 0x0000000086600000|  0%| F|  |TAMS 0x0000000086500000, 0x0000000086500000| Untracked 
|  44|0x0000000086600000, 0x0000000086600000, 0x0000000086700000|  0%| F|  |TAMS 0x0000000086600000, 0x0000000086600000| Untracked 
|  45|0x0000000086700000, 0x0000000086700000, 0x0000000086800000|  0%| F|  |TAMS 0x0000000086700000, 0x0000000086700000| Untracked 
|  46|0x0000000086800000, 0x0000000086800000, 0x0000000086900000|  0%| F|  |TAMS 0x0000000086800000, 0x0000000086800000| Untracked 
|  47|0x0000000086900000, 0x0000000086900000, 0x0000000086a00000|  0%| F|  |TAMS 0x0000000086900000, 0x0000000086900000| Untracked 
|  48|0x0000000086a00000, 0x0000000086a00000, 0x0000000086b00000|  0%| F|  |TAMS 0x0000000086a00000, 0x0000000086a00000| Untracked 
|  49|0x0000000086b00000, 0x0000000086b00000, 0x0000000086c00000|  0%| F|  |TAMS 0x0000000086b00000, 0x0000000086b00000| Untracked 
|  50|0x0000000086c00000, 0x0000000086c00000, 0x0000000086d00000|  0%| F|  |TAMS 0x0000000086c00000, 0x0000000086c00000| Untracked 
|  51|0x0000000086d00000, 0x0000000086d00000, 0x0000000086e00000|  0%| F|  |TAMS 0x0000000086d00000, 0x0000000086d00000| Untracked 
|  52|0x0000000086e00000, 0x0000000086e00000, 0x0000000086f00000|  0%| F|  |TAMS 0x0000000086e00000, 0x0000000086e00000| Untracked 
|  53|0x0000000086f00000, 0x0000000086f00000, 0x0000000087000000|  0%| F|  |TAMS 0x0000000086f00000, 0x0000000086f00000| Untracked 
|  54|0x0000000087000000, 0x0000000087000000, 0x0000000087100000|  0%| F|  |TAMS 0x0000000087000000, 0x0000000087000000| Untracked 
|  55|0x0000000087100000, 0x0000000087100000, 0x0000000087200000|  0%| F|  |TAMS 0x0000000087100000, 0x0000000087100000| Untracked 
|  56|0x0000000087200000, 0x0000000087200000, 0x0000000087300000|  0%| F|  |TAMS 0x0000000087200000, 0x0000000087200000| Untracked 
|  57|0x0000000087300000, 0x0000000087300000, 0x0000000087400000|  0%| F|  |TAMS 0x0000000087300000, 0x0000000087300000| Untracked 
|  58|0x0000000087400000, 0x0000000087400000, 0x0000000087500000|  0%| F|  |TAMS 0x0000000087400000, 0x0000000087400000| Untracked 
|  59|0x0000000087500000, 0x0000000087500000, 0x0000000087600000|  0%| F|  |TAMS 0x0000000087500000, 0x0000000087500000| Untracked 
|  60|0x0000000087600000, 0x0000000087600000, 0x0000000087700000|  0%| F|  |TAMS 0x0000000087600000, 0x0000000087600000| Untracked 
|  61|0x0000000087700000, 0x0000000087700000, 0x0000000087800000|  0%| F|  |TAMS 0x0000000087700000, 0x0000000087700000| Untracked 
|  62|0x0000000087800000, 0x0000000087800000, 0x0000000087900000|  0%| F|  |TAMS 0x0000000087800000, 0x0000000087800000| Untracked 
|  63|0x0000000087900000, 0x0000000087900000, 0x0000000087a00000|  0%| F|  |TAMS 0x0000000087900000, 0x0000000087900000| Untracked 
|  64|0x0000000087a00000, 0x0000000087a00000, 0x0000000087b00000|  0%| F|  |TAMS 0x0000000087a00000, 0x0000000087a00000| Untracked 
|  65|0x0000000087b00000, 0x0000000087b00000, 0x0000000087c00000|  0%| F|  |TAMS 0x0000000087b00000, 0x0000000087b00000| Untracked 
|  66|0x0000000087c00000, 0x0000000087c00000, 0x0000000087d00000|  0%| F|  |TAMS 0x0000000087c00000, 0x0000000087c00000| Untracked 
|  67|0x0000000087d00000, 0x0000000087d00000, 0x0000000087e00000|  0%| F|  |TAMS 0x0000000087d00000, 0x0000000087d00000| Untracked 
|  68|0x0000000087e00000, 0x0000000087e00000, 0x0000000087f00000|  0%| F|  |TAMS 0x0000000087e00000, 0x0000000087e00000| Untracked 
|  69|0x0000000087f00000, 0x0000000087f00000, 0x0000000088000000|  0%| F|  |TAMS 0x0000000087f00000, 0x0000000087f00000| Untracked 
|  70|0x0000000088000000, 0x0000000088000000, 0x0000000088100000|  0%| F|  |TAMS 0x0000000088000000, 0x0000000088000000| Untracked 
|  71|0x0000000088100000, 0x0000000088100000, 0x0000000088200000|  0%| F|  |TAMS 0x0000000088100000, 0x0000000088100000| Untracked 
|  72|0x0000000088200000, 0x0000000088200000, 0x0000000088300000|  0%| F|  |TAMS 0x0000000088200000, 0x0000000088200000| Untracked 
|  73|0x0000000088300000, 0x0000000088300000, 0x0000000088400000|  0%| F|  |TAMS 0x0000000088300000, 0x0000000088300000| Untracked 
|  74|0x0000000088400000, 0x0000000088400000, 0x0000000088500000|  0%| F|  |TAMS 0x0000000088400000, 0x0000000088400000| Untracked 
|  75|0x0000000088500000, 0x0000000088500000, 0x0000000088600000|  0%| F|  |TAMS 0x0000000088500000, 0x0000000088500000| Untracked 
|  76|0x0000000088600000, 0x0000000088600000, 0x0000000088700000|  0%| F|  |TAMS 0x0000000088600000, 0x0000000088600000| Untracked 
|  77|0x0000000088700000, 0x0000000088700000, 0x0000000088800000|  0%| F|  |TAMS 0x0000000088700000, 0x0000000088700000| Untracked 
|  78|0x0000000088800000, 0x0000000088800000, 0x0000000088900000|  0%| F|  |TAMS 0x0000000088800000, 0x0000000088800000| Untracked 
|  79|0x0000000088900000, 0x0000000088900000, 0x0000000088a00000|  0%| F|  |TAMS 0x0000000088900000, 0x0000000088900000| Untracked 
|  80|0x0000000088a00000, 0x0000000088a00000, 0x0000000088b00000|  0%| F|  |TAMS 0x0000000088a00000, 0x0000000088a00000| Untracked 
|  81|0x0000000088b00000, 0x0000000088b00000, 0x0000000088c00000|  0%| F|  |TAMS 0x0000000088b00000, 0x0000000088b00000| Untracked 
|  82|0x0000000088c00000, 0x0000000088c00000, 0x0000000088d00000|  0%| F|  |TAMS 0x0000000088c00000, 0x0000000088c00000| Untracked 
|  83|0x0000000088d00000, 0x0000000088d00000, 0x0000000088e00000|  0%| F|  |TAMS 0x0000000088d00000, 0x0000000088d00000| Untracked 
|  84|0x0000000088e00000, 0x0000000088e00000, 0x0000000088f00000|  0%| F|  |TAMS 0x0000000088e00000, 0x0000000088e00000| Untracked 
|  85|0x0000000088f00000, 0x0000000088f00000, 0x0000000089000000|  0%| F|  |TAMS 0x0000000088f00000, 0x0000000088f00000| Untracked 
|  86|0x0000000089000000, 0x0000000089000000, 0x0000000089100000|  0%| F|  |TAMS 0x0000000089000000, 0x0000000089000000| Untracked 
|  87|0x0000000089100000, 0x0000000089100000, 0x0000000089200000|  0%| F|  |TAMS 0x0000000089100000, 0x0000000089100000| Untracked 
|  88|0x0000000089200000, 0x0000000089200000, 0x0000000089300000|  0%| F|  |TAMS 0x0000000089200000, 0x0000000089200000| Untracked 
|  89|0x0000000089300000, 0x0000000089300000, 0x0000000089400000|  0%| F|  |TAMS 0x0000000089300000, 0x0000000089300000| Untracked 
|  90|0x0000000089400000, 0x0000000089400000, 0x0000000089500000|  0%| F|  |TAMS 0x0000000089400000, 0x0000000089400000| Untracked 
|  91|0x0000000089500000, 0x0000000089500000, 0x0000000089600000|  0%| F|  |TAMS 0x0000000089500000, 0x0000000089500000| Untracked 
|  92|0x0000000089600000, 0x0000000089600000, 0x0000000089700000|  0%| F|  |TAMS 0x0000000089600000, 0x0000000089600000| Untracked 
|  93|0x0000000089700000, 0x0000000089700000, 0x0000000089800000|  0%| F|  |TAMS 0x0000000089700000, 0x0000000089700000| Untracked 
|  94|0x0000000089800000, 0x0000000089800000, 0x0000000089900000|  0%| F|  |TAMS 0x0000000089800000, 0x0000000089800000| Untracked 
|  95|0x0000000089900000, 0x0000000089900000, 0x0000000089a00000|  0%| F|  |TAMS 0x0000000089900000, 0x0000000089900000| Untracked 
|  96|0x0000000089a00000, 0x0000000089a00000, 0x0000000089b00000|  0%| F|  |TAMS 0x0000000089a00000, 0x0000000089a00000| Untracked 
|  97|0x0000000089b00000, 0x0000000089b00000, 0x0000000089c00000|  0%| F|  |TAMS 0x0000000089b00000, 0x0000000089b00000| Untracked 
|  98|0x0000000089c00000, 0x0000000089c00000, 0x0000000089d00000|  0%| F|  |TAMS 0x0000000089c00000, 0x0000000089c00000| Untracked 
|  99|0x0000000089d00000, 0x0000000089d00000, 0x0000000089e00000|  0%| F|  |TAMS 0x0000000089d00000, 0x0000000089d00000| Untracked 
| 100|0x0000000089e00000, 0x0000000089e00000, 0x0000000089f00000|  0%| F|  |TAMS 0x0000000089e00000, 0x0000000089e00000| Untracked 
| 101|0x0000000089f00000, 0x0000000089f00000, 0x000000008a000000|  0%| F|  |TAMS 0x0000000089f00000, 0x0000000089f00000| Untracked 
| 102|0x000000008a000000, 0x000000008a000000, 0x000000008a100000|  0%| F|  |TAMS 0x000000008a000000, 0x000000008a000000| Untracked 
| 103|0x000000008a100000, 0x000000008a100000, 0x000000008a200000|  0%| F|  |TAMS 0x000000008a100000, 0x000000008a100000| Untracked 
| 104|0x000000008a200000, 0x000000008a200000, 0x000000008a300000|  0%| F|  |TAMS 0x000000008a200000, 0x000000008a200000| Untracked 
| 105|0x000000008a300000, 0x000000008a300000, 0x000000008a400000|  0%| F|  |TAMS 0x000000008a300000, 0x000000008a300000| Untracked 
| 106|0x000000008a400000, 0x000000008a400000, 0x000000008a500000|  0%| F|  |TAMS 0x000000008a400000, 0x000000008a400000| Untracked 
| 107|0x000000008a500000, 0x000000008a500000, 0x000000008a600000|  0%| F|  |TAMS 0x000000008a500000, 0x000000008a500000| Untracked 
| 108|0x000000008a600000, 0x000000008a600000, 0x000000008a700000|  0%| F|  |TAMS 0x000000008a600000, 0x000000008a600000| Untracked 
| 109|0x000000008a700000, 0x000000008a700000, 0x000000008a800000|  0%| F|  |TAMS 0x000000008a700000, 0x000000008a700000| Untracked 
| 110|0x000000008a800000, 0x000000008a800000, 0x000000008a900000|  0%| F|  |TAMS 0x000000008a800000, 0x000000008a800000| Untracked 
| 111|0x000000008a900000, 0x000000008a900000, 0x000000008aa00000|  0%| F|  |TAMS 0x000000008a900000, 0x000000008a900000| Untracked 
| 112|0x000000008aa00000, 0x000000008aa00000, 0x000000008ab00000|  0%| F|  |TAMS 0x000000008aa00000, 0x000000008aa00000| Untracked 
| 113|0x000000008ab00000, 0x000000008ab00000, 0x000000008ac00000|  0%| F|  |TAMS 0x000000008ab00000, 0x000000008ab00000| Untracked 
| 114|0x000000008ac00000, 0x000000008ad00000, 0x000000008ad00000|100%| E|  |TAMS 0x000000008ac00000, 0x000000008ac00000| Complete 
| 115|0x000000008ad00000, 0x000000008ae00000, 0x000000008ae00000|100%| E|  |TAMS 0x000000008ad00000, 0x000000008ad00000| Complete 
| 116|0x000000008ae00000, 0x000000008af00000, 0x000000008af00000|100%| E|CS|TAMS 0x000000008ae00000, 0x000000008ae00000| Complete 
| 117|0x000000008af00000, 0x000000008b000000, 0x000000008b000000|100%| E|CS|TAMS 0x000000008af00000, 0x000000008af00000| Complete 
| 118|0x000000008b000000, 0x000000008b100000, 0x000000008b100000|100%| E|CS|TAMS 0x000000008b000000, 0x000000008b000000| Complete 
| 119|0x000000008b100000, 0x000000008b200000, 0x000000008b200000|100%| E|CS|TAMS 0x000000008b100000, 0x000000008b100000| Complete 
| 120|0x000000008b200000, 0x000000008b300000, 0x000000008b300000|100%| E|CS|TAMS 0x000000008b200000, 0x000000008b200000| Complete 
| 121|0x000000008b300000, 0x000000008b400000, 0x000000008b400000|100%| E|CS|TAMS 0x000000008b300000, 0x000000008b300000| Complete 
| 122|0x000000008b400000, 0x000000008b500000, 0x000000008b500000|100%| E|CS|TAMS 0x000000008b400000, 0x000000008b400000| Complete 
| 123|0x000000008b500000, 0x000000008b600000, 0x000000008b600000|100%| E|CS|TAMS 0x000000008b500000, 0x000000008b500000| Complete 
| 124|0x000000008b600000, 0x000000008b700000, 0x000000008b700000|100%| E|CS|TAMS 0x000000008b600000, 0x000000008b600000| Complete 
| 125|0x000000008b700000, 0x000000008b800000, 0x000000008b800000|100%| E|CS|TAMS 0x000000008b700000, 0x000000008b700000| Complete 

Card table byte_map: [0x0000026a739f0000,0x0000026a73de0000] _byte_map_base: 0x0000026a735d3000

Marking Bits (Prev, Next): (CMBitMap*) 0x0000026a60a54850, (CMBitMap*) 0x0000026a60a54890
 Prev Bits: [0x0000026a741d0000, 0x0000026a760e8000)
 Next Bits: [0x0000026a760f0000, 0x0000026a78008000)

Polling page: 0x0000026a5e9d0000

Metaspace:

Usage:
  Non-class:     11.51 MB used.
      Class:      1.01 MB used.
       Both:     12.51 MB used.

Virtual space:
  Non-class space:       64.00 MB reserved,      11.56 MB ( 18%) committed,  1 nodes.
      Class space:        1.00 GB reserved,       1.12 MB ( <1%) committed,  1 nodes.
             Both:        1.06 GB reserved,      12.69 MB (  1%) committed. 

Chunk freelists:
   Non-Class:  3.56 MB
       Class:  14.73 MB
        Both:  18.30 MB

MaxMetaspaceSize: unlimited
CompressedClassSpaceSize: 1.00 GB
Initial GC threshold: 21.00 MB
Current GC threshold: 21.00 MB
CDS: off
MetaspaceReclaimPolicy: balanced
 - commit_granule_bytes: 65536.
 - commit_granule_words: 8192.
 - virtual_space_node_default_size: 8388608.
 - enlarge_chunks_in_place: 1.
 - new_chunks_are_fully_committed: 0.
 - uncommit_free_chunks: 1.
 - use_allocation_guard: 0.
 - handle_deallocations: 1.


Internal statistics:

num_allocs_failed_limit: 0.
num_arena_births: 24.
num_arena_deaths: 0.
num_vsnodes_births: 2.
num_vsnodes_deaths: 0.
num_space_committed: 203.
num_space_uncommitted: 0.
num_chunks_returned_to_freelist: 0.
num_chunks_taken_from_freelist: 153.
num_chunk_merges: 0.
num_chunk_splits: 104.
num_chunks_enlarged: 85.
num_inconsistent_stats: 0.

CodeHeap 'non-profiled nmethods': size=120000Kb used=195Kb max_used=195Kb free=119804Kb
 bounds [0x0000026a6bb80000, 0x0000026a6bdf0000, 0x0000026a730b0000]
CodeHeap 'profiled nmethods': size=120000Kb used=1159Kb max_used=1159Kb free=118840Kb
 bounds [0x0000026a640b0000, 0x0000026a64320000, 0x0000026a6b5e0000]
CodeHeap 'non-nmethods': size=5760Kb used=1275Kb max_used=1290Kb free=4484Kb
 bounds [0x0000026a6b5e0000, 0x0000026a6b850000, 0x0000026a6bb80000]
 total_blobs=1294 nmethods=703 adapters=504
 compilation: enabled
              stopped_count=0, restarted_count=0
 full_count=0

Compilation events (20 events):
Event: 1.191 Thread 0x0000026a7f059040  686       3       sun.net.util.IPAddressUtil::checkHostString (53 bytes)
Event: 1.192 Thread 0x0000026a7f059040 nmethod 686 0x0000026a641b5d90 code [0x0000026a641b6040, 0x0000026a641b6bc8]
Event: 1.192 Thread 0x0000026a7f059040  687       3       sun.net.util.IPAddressUtil::scan (92 bytes)
Event: 1.193 Thread 0x0000026a7f059040 nmethod 687 0x0000026a641b7010 code [0x0000026a641b7280, 0x0000026a641b7db8]
Event: 1.194 Thread 0x0000026a7f059040  688       3       sun.net.www.ParseUtil::encodePath (41 bytes)
Event: 1.195 Thread 0x0000026a7f059040 nmethod 688 0x0000026a641b8310 code [0x0000026a641b84e0, 0x0000026a641b8748]
Event: 1.195 Thread 0x0000026a7f059040  690       3       jdk.internal.access.SharedSecrets::javaUtilJarAccess (19 bytes)
Event: 1.196 Thread 0x0000026a7f059040 nmethod 690 0x0000026a641b8810 code [0x0000026a641b8a00, 0x0000026a641b8da8]
Event: 1.196 Thread 0x0000026a7f04d530  691 %     4       java.lang.StringLatin1::indexOf @ 30 (121 bytes)
Event: 1.201 Thread 0x0000026a7f04d530 nmethod 691% 0x0000026a6bbaf090 code [0x0000026a6bbaf220, 0x0000026a6bbaf5b8]
Event: 1.201 Thread 0x0000026a7f04d530  692       4       java.lang.StringLatin1::replace (198 bytes)
Event: 1.201 Thread 0x0000026a7f059040  693       1       java.lang.reflect.Method::getName (5 bytes)
Event: 1.201 Thread 0x0000026a7f059040 nmethod 693 0x0000026a6bbaf890 code [0x0000026a6bbafa20, 0x0000026a6bbafaf8]
Event: 1.201 Thread 0x0000026a7f059040  694       3       java.lang.PublicMethods$Key::matches (31 bytes)
Event: 1.201 Thread 0x0000026a7f059040 nmethod 694 0x0000026a641b8f90 code [0x0000026a641b9160, 0x0000026a641b94b8]
Event: 1.201 Thread 0x0000026a7f059040  695       3       java.lang.ref.SoftReference::get (29 bytes)
Event: 1.202 Thread 0x0000026a7f059040 nmethod 695 0x0000026a641b9690 code [0x0000026a641b9820, 0x0000026a641b99f8]
Event: 1.203 Thread 0x0000026a7f059040  696       3       java.net.URLStreamHandler::parseURL (1201 bytes)
Event: 1.211 Thread 0x0000026a7f04d530 nmethod 692 0x0000026a6bbaff90 code [0x0000026a6bbb0140, 0x0000026a6bbb0688]
Event: 1.211 Thread 0x0000026a7f04d530  701       4       java.lang.String::startsWith (138 bytes)

GC Heap History (0 events):
No events

Dll operation events (6 events):
Event: 0.011 Loaded shared library C:\Users\malla\.p2\pool\plugins\org.eclipse.justj.openjdk.hotspot.jre.full.win32.x86_64_17.0.8.v20230831-1047\jre\bin\java.dll
Event: 0.171 Loaded shared library C:\Users\malla\.p2\pool\plugins\org.eclipse.justj.openjdk.hotspot.jre.full.win32.x86_64_17.0.8.v20230831-1047\jre\bin\net.dll
Event: 0.176 Loaded shared library C:\Users\malla\.p2\pool\plugins\org.eclipse.justj.openjdk.hotspot.jre.full.win32.x86_64_17.0.8.v20230831-1047\jre\bin\nio.dll
Event: 0.185 Loaded shared library C:\Users\malla\.p2\pool\plugins\org.eclipse.justj.openjdk.hotspot.jre.full.win32.x86_64_17.0.8.v20230831-1047\jre\bin\zip.dll
Event: 0.232 Loaded shared library C:\Users\malla\.p2\pool\plugins\org.eclipse.justj.openjdk.hotspot.jre.full.win32.x86_64_17.0.8.v20230831-1047\jre\bin\jimage.dll
Event: 1.108 Loaded shared library C:\Users\malla\AppData\Local\Temp\ortools-java16865271948775817002\ortools-win32-x86-64\jniortools.dll

Deoptimization events (20 events):
Event: 0.243 Thread 0x0000026a609f6550 DEOPT PACKING pc=0x0000026a640c788c sp=0x000000cabedfd0f0
Event: 0.243 Thread 0x0000026a609f6550 DEOPT UNPACKING pc=0x0000026a6b63ace3 sp=0x000000cabedfc580 mode 0
Event: 0.244 Thread 0x0000026a609f6550 DEOPT PACKING pc=0x0000026a640c788c sp=0x000000cabedfd0f0
Event: 0.244 Thread 0x0000026a609f6550 DEOPT UNPACKING pc=0x0000026a6b63ace3 sp=0x000000cabedfc580 mode 0
Event: 0.244 Thread 0x0000026a609f6550 DEOPT PACKING pc=0x0000026a640c788c sp=0x000000cabedfd0f0
Event: 0.244 Thread 0x0000026a609f6550 DEOPT UNPACKING pc=0x0000026a6b63ace3 sp=0x000000cabedfc580 mode 0
Event: 0.244 Thread 0x0000026a609f6550 DEOPT PACKING pc=0x0000026a640c788c sp=0x000000cabedfd0f0
Event: 0.245 Thread 0x0000026a609f6550 DEOPT UNPACKING pc=0x0000026a6b63ace3 sp=0x000000cabedfc580 mode 0
Event: 0.245 Thread 0x0000026a609f6550 DEOPT PACKING pc=0x0000026a640c788c sp=0x000000cabedfd0f0
Event: 0.245 Thread 0x0000026a609f6550 DEOPT UNPACKING pc=0x0000026a6b63ace3 sp=0x000000cabedfc580 mode 0
Event: 0.245 Thread 0x0000026a609f6550 DEOPT PACKING pc=0x0000026a640c788c sp=0x000000cabedfd0f0
Event: 0.245 Thread 0x0000026a609f6550 DEOPT UNPACKING pc=0x0000026a6b63ace3 sp=0x000000cabedfc580 mode 0
Event: 0.245 Thread 0x0000026a609f6550 DEOPT PACKING pc=0x0000026a640c788c sp=0x000000cabedfd0f0
Event: 0.245 Thread 0x0000026a609f6550 DEOPT UNPACKING pc=0x0000026a6b63ace3 sp=0x000000cabedfc580 mode 0
Event: 0.245 Thread 0x0000026a609f6550 DEOPT PACKING pc=0x0000026a640c788c sp=0x000000cabedfd0f0
Event: 0.245 Thread 0x0000026a609f6550 DEOPT UNPACKING pc=0x0000026a6b63ace3 sp=0x000000cabedfc580 mode 0
Event: 0.402 Thread 0x0000026a609f6550 Uncommon trap: trap_request=0xffffff45 fr.pc=0x0000026a6bb9fcf4 relative=0x0000000000000074
Event: 0.402 Thread 0x0000026a609f6550 Uncommon trap: reason=unstable_if action=reinterpret pc=0x0000026a6bb9fcf4 method=jdk.internal.misc.Unsafe.convEndian(ZI)I @ 4 c2
Event: 0.402 Thread 0x0000026a609f6550 DEOPT PACKING pc=0x0000026a6bb9fcf4 sp=0x000000cabedfe860
Event: 0.402 Thread 0x0000026a609f6550 DEOPT UNPACKING pc=0x0000026a6b63a1a3 sp=0x000000cabedfe790 mode 2

Classes unloaded (0 events):
No events

Classes redefined (0 events):
No events

Internal exceptions (8 events):
Event: 0.330 Thread 0x0000026a609f6550 Exception <a 'java/lang/NoSuchMethodError'{0x000000008b3b3fa8}: 'java.lang.Object java.lang.invoke.DirectMethodHandle$Holder.invokeStaticInit(java.lang.Object, int, int, int, int)'> (0x000000008b3b3fa8) 
thrown [s\src\hotspot\share\interpreter\linkResolver.cpp, line 759]
Event: 0.395 Thread 0x0000026a609f6550 Exception <a 'java/lang/NoSuchMethodError'{0x000000008b266218}: 'java.lang.Object java.lang.invoke.DirectMethodHandle$Holder.invokeStaticInit(java.lang.Object, java.lang.Object, int, int, int, int)'> (0x000000008b266218) 
thrown [s\src\hotspot\share\interpreter\linkResolver.cpp, line 759]
Event: 0.400 Thread 0x0000026a609f6550 Exception <a 'java/lang/NoSuchMethodError'{0x000000008b26fca0}: 'void java.lang.invoke.DirectMethodHandle$Holder.invokeStatic(java.lang.Object, java.lang.Object, java.lang.Object)'> (0x000000008b26fca0) 
thrown [s\src\hotspot\share\interpreter\linkResolver.cpp, line 759]
Event: 0.422 Thread 0x0000026a609f6550 Exception <a 'java/lang/NoSuchMethodError'{0x000000008b10e968}: 'java.lang.Object java.lang.invoke.DirectMethodHandle$Holder.invokeStaticInit(java.lang.Object)'> (0x000000008b10e968) 
thrown [s\src\hotspot\share\interpreter\linkResolver.cpp, line 759]
Event: 0.480 Thread 0x0000026a609f6550 Exception <a 'sun/nio/fs/WindowsException'{0x000000008b1e4128}> (0x000000008b1e4128) 
thrown [s\src\hotspot\share\prims\jni.cpp, line 516]
Event: 0.481 Thread 0x0000026a609f6550 Exception <a 'sun/nio/fs/WindowsException'{0x000000008b1e4468}> (0x000000008b1e4468) 
thrown [s\src\hotspot\share\prims\jni.cpp, line 516]
Event: 0.481 Thread 0x0000026a609f6550 Exception <a 'sun/nio/fs/WindowsException'{0x000000008b1e55d8}> (0x000000008b1e55d8) 
thrown [s\src\hotspot\share\prims\jni.cpp, line 516]
Event: 0.481 Thread 0x0000026a609f6550 Exception <a 'sun/nio/fs/WindowsException'{0x000000008b1e5968}> (0x000000008b1e5968) 
thrown [s\src\hotspot\share\prims\jni.cpp, line 516]

VM Operations (6 events):
Event: 0.187 Executing VM operation: HandshakeAllThreads
Event: 0.187 Executing VM operation: HandshakeAllThreads done
Event: 0.190 Executing VM operation: HandshakeAllThreads
Event: 0.190 Executing VM operation: HandshakeAllThreads done
Event: 0.354 Executing VM operation: HandshakeAllThreads
Event: 0.354 Executing VM operation: HandshakeAllThreads done

Events (20 events):
Event: 1.142 loading class java/lang/reflect/InvocationTargetException
Event: 1.142 loading class java/lang/reflect/InvocationTargetException done
Event: 1.146 loading class java/util/TreeMap
Event: 1.147 loading class java/util/TreeMap done
Event: 1.199 loading class sun/misc/Unsafe
Event: 1.199 loading class sun/misc/Unsafe done
Event: 1.199 loading class jdk/internal/reflect/UnsafeFieldAccessorFactory
Event: 1.199 loading class jdk/internal/reflect/UnsafeFieldAccessorFactory done
Event: 1.199 loading class jdk/internal/reflect/UnsafeQualifiedStaticObjectFieldAccessorImpl
Event: 1.199 loading class jdk/internal/reflect/UnsafeQualifiedStaticFieldAccessorImpl
Event: 1.199 loading class jdk/internal/reflect/UnsafeQualifiedStaticFieldAccessorImpl done
Event: 1.199 loading class jdk/internal/reflect/UnsafeQualifiedStaticObjectFieldAccessorImpl done
Event: 1.201 loading class jdk/internal/access/foreign/MemorySegmentProxy
Event: 1.201 loading class jdk/internal/access/foreign/MemorySegmentProxy done
Event: 1.206 loading class java/util/TreeMap$EntrySet
Event: 1.206 loading class java/util/TreeMap$EntrySet done
Event: 1.206 loading class java/util/TreeMap$EntryIterator
Event: 1.206 loading class java/util/TreeMap$PrivateEntryIterator
Event: 1.207 loading class java/util/TreeMap$PrivateEntryIterator done
Event: 1.207 loading class java/util/TreeMap$EntryIterator done


Dynamic libraries:
0x00007ff63beb0000 - 0x00007ff63bebe000 	C:\Users\malla\.p2\pool\plugins\org.eclipse.justj.openjdk.hotspot.jre.full.win32.x86_64_17.0.8.v20230831-1047\jre\bin\javaw.exe
0x00007ffdf4450000 - 0x00007ffdf4667000 	C:\Windows\SYSTEM32\ntdll.dll
0x00007ffdf3170000 - 0x00007ffdf3234000 	C:\Windows\System32\KERNEL32.DLL
0x00007ffdf1c30000 - 0x00007ffdf1fd6000 	C:\Windows\System32\KERNELBASE.dll
0x00007ffdf1a50000 - 0x00007ffdf1b61000 	C:\Windows\System32\ucrtbase.dll
0x00007ffdd5960000 - 0x00007ffdd5979000 	C:\Users\malla\.p2\pool\plugins\org.eclipse.justj.openjdk.hotspot.jre.full.win32.x86_64_17.0.8.v20230831-1047\jre\bin\VCRUNTIME140.dll
0x00007ffdd5980000 - 0x00007ffdd5997000 	C:\Users\malla\.p2\pool\plugins\org.eclipse.justj.openjdk.hotspot.jre.full.win32.x86_64_17.0.8.v20230831-1047\jre\bin\jli.dll
0x00007ffdf4260000 - 0x00007ffdf440d000 	C:\Windows\System32\USER32.dll
0x00007ffdf2100000 - 0x00007ffdf2126000 	C:\Windows\System32\win32u.dll
0x00007ffdd99f0000 - 0x00007ffdd9c83000 	C:\Windows\WinSxS\amd64_microsoft.windows.common-controls_6595b64144ccf1df_6.0.22621.2361_none_2712ced57382f843\COMCTL32.dll
0x00007ffdf32d0000 - 0x00007ffdf32f9000 	C:\Windows\System32\GDI32.dll
0x00007ffdf2400000 - 0x00007ffdf24a7000 	C:\Windows\System32\msvcrt.dll
0x00007ffdf1fe0000 - 0x00007ffdf20f8000 	C:\Windows\System32\gdi32full.dll
0x00007ffdf19b0000 - 0x00007ffdf1a4a000 	C:\Windows\System32\msvcp_win.dll
0x00007ffdf2fb0000 - 0x00007ffdf2fe1000 	C:\Windows\System32\IMM32.DLL
0x00007ffdd5b60000 - 0x00007ffdd5b6c000 	C:\Users\malla\.p2\pool\plugins\org.eclipse.justj.openjdk.hotspot.jre.full.win32.x86_64_17.0.8.v20230831-1047\jre\bin\vcruntime140_1.dll
0x00007ffdb7b50000 - 0x00007ffdb7be1000 	C:\Users\malla\.p2\pool\plugins\org.eclipse.justj.openjdk.hotspot.jre.full.win32.x86_64_17.0.8.v20230831-1047\jre\bin\msvcp140.dll
0x00007ffd42c70000 - 0x00007ffd438bc000 	C:\Users\malla\.p2\pool\plugins\org.eclipse.justj.openjdk.hotspot.jre.full.win32.x86_64_17.0.8.v20230831-1047\jre\bin\server\jvm.dll
0x00007ffdf2f00000 - 0x00007ffdf2fb0000 	C:\Windows\System32\ADVAPI32.dll
0x00007ffdf3d30000 - 0x00007ffdf3dd6000 	C:\Windows\System32\sechost.dll
0x00007ffdf2260000 - 0x00007ffdf2377000 	C:\Windows\System32\RPCRT4.dll
0x00007ffdd86b0000 - 0x00007ffdd86b9000 	C:\Windows\SYSTEM32\WSOCK32.dll
0x00007ffde9af0000 - 0x00007ffde9b24000 	C:\Windows\SYSTEM32\WINMM.dll
0x00007ffdf0620000 - 0x00007ffdf066d000 	C:\Windows\SYSTEM32\POWRPROF.dll
0x00007ffdf2690000 - 0x00007ffdf2701000 	C:\Windows\System32\WS2_32.dll
0x00007ffde7ed0000 - 0x00007ffde7eda000 	C:\Windows\SYSTEM32\VERSION.dll
0x00007ffdf0600000 - 0x00007ffdf0613000 	C:\Windows\SYSTEM32\UMPDC.dll
0x00007ffdf08d0000 - 0x00007ffdf08e8000 	C:\Windows\SYSTEM32\kernel.appcore.dll
0x00007ffdee710000 - 0x00007ffdee71a000 	C:\Users\malla\.p2\pool\plugins\org.eclipse.justj.openjdk.hotspot.jre.full.win32.x86_64_17.0.8.v20230831-1047\jre\bin\jimage.dll
0x00007ffdef3c0000 - 0x00007ffdef5ee000 	C:\Windows\SYSTEM32\DBGHELP.DLL
0x00007ffdf28c0000 - 0x00007ffdf2c4a000 	C:\Windows\System32\combase.dll
0x00007ffdf3090000 - 0x00007ffdf3167000 	C:\Windows\System32\OLEAUT32.dll
0x00007ffddbb70000 - 0x00007ffddbba2000 	C:\Windows\SYSTEM32\dbgcore.DLL
0x00007ffdf2130000 - 0x00007ffdf21aa000 	C:\Windows\System32\bcryptPrimitives.dll
0x00007ffdb8260000 - 0x00007ffdb8285000 	C:\Users\malla\.p2\pool\plugins\org.eclipse.justj.openjdk.hotspot.jre.full.win32.x86_64_17.0.8.v20230831-1047\jre\bin\java.dll
0x00007ffdbf1f0000 - 0x00007ffdbf208000 	C:\Users\malla\.p2\pool\plugins\org.eclipse.justj.openjdk.hotspot.jre.full.win32.x86_64_17.0.8.v20230831-1047\jre\bin\zip.dll
0x00007ffdf34c0000 - 0x00007ffdf3d18000 	C:\Windows\System32\SHELL32.dll
0x00007ffdef5f0000 - 0x00007ffdefee2000 	C:\Windows\SYSTEM32\windows.storage.dll
0x00007ffdef280000 - 0x00007ffdef3be000 	C:\Windows\SYSTEM32\wintypes.dll
0x00007ffdf2e00000 - 0x00007ffdf2ef3000 	C:\Windows\System32\SHCORE.dll
0x00007ffdf21b0000 - 0x00007ffdf220e000 	C:\Windows\System32\shlwapi.dll
0x00007ffdf1700000 - 0x00007ffdf1726000 	C:\Windows\SYSTEM32\profapi.dll
0x00007ffdbe800000 - 0x00007ffdbe819000 	C:\Users\malla\.p2\pool\plugins\org.eclipse.justj.openjdk.hotspot.jre.full.win32.x86_64_17.0.8.v20230831-1047\jre\bin\net.dll
0x00007ffde9810000 - 0x00007ffde9947000 	C:\Windows\SYSTEM32\WINHTTP.dll
0x00007ffdf0d60000 - 0x00007ffdf0dc9000 	C:\Windows\system32\mswsock.dll
0x00007ffdb8240000 - 0x00007ffdb8255000 	C:\Users\malla\.p2\pool\plugins\org.eclipse.justj.openjdk.hotspot.jre.full.win32.x86_64_17.0.8.v20230831-1047\jre\bin\nio.dll
0x00007ffdf0fd0000 - 0x00007ffdf0feb000 	C:\Windows\SYSTEM32\CRYPTSP.dll
0x00007ffdf0830000 - 0x00007ffdf0865000 	C:\Windows\system32\rsaenh.dll
0x00007ffdf0e70000 - 0x00007ffdf0e9c000 	C:\Windows\SYSTEM32\USERENV.dll
0x00007ffdf1170000 - 0x00007ffdf1198000 	C:\Windows\SYSTEM32\bcrypt.dll
0x00007ffdf0ff0000 - 0x00007ffdf0ffc000 	C:\Windows\SYSTEM32\CRYPTBASE.dll
0x00007ffdf0300000 - 0x00007ffdf032d000 	C:\Windows\SYSTEM32\IPHLPAPI.DLL
0x00007ffdf3060000 - 0x00007ffdf3069000 	C:\Windows\System32\NSI.dll
0x00007ffde9b40000 - 0x00007ffde9b59000 	C:\Windows\SYSTEM32\dhcpcsvc6.DLL
0x00007ffde9460000 - 0x00007ffde947f000 	C:\Windows\SYSTEM32\dhcpcsvc.DLL
0x00007ffdf0330000 - 0x00007ffdf0429000 	C:\Windows\SYSTEM32\DNSAPI.dll
0x00007ffd3be30000 - 0x00007ffd3d20e000 	C:\Users\malla\AppData\Local\Temp\ortools-java16865271948775817002\ortools-win32-x86-64\jniortools.dll

dbghelp: loaded successfully - version: 4.0.5 - missing functions: none
symbol engine: initialized successfully - sym options: 0x614 - pdb path: .;C:\Users\malla\.p2\pool\plugins\org.eclipse.justj.openjdk.hotspot.jre.full.win32.x86_64_17.0.8.v20230831-1047\jre\bin;C:\Windows\SYSTEM32;C:\Windows\WinSxS\amd64_microsoft.windows.common-controls_6595b64144ccf1df_6.0.22621.2361_none_2712ced57382f843;C:\Users\malla\.p2\pool\plugins\org.eclipse.justj.openjdk.hotspot.jre.full.win32.x86_64_17.0.8.v20230831-1047\jre\bin\server;C:\Users\malla\AppData\Local\Temp\ortools-java16865271948775817002\ortools-win32-x86-64

VM Arguments:
jvm_args: -Dfile.encoding=UTF-8 -XX:+ShowCodeDetailsInExceptionMessages 
java_command: com.google.ortools.constraintsolver.samples.VrpPickupDelivery
java_class_path (initial): C:\Users\malla\eclipse-workspace\tutotial\target\classes;C:\Users\malla\.m2\repository\com\google\ortools\ortools-java\9.7.2996\ortools-java-9.7.2996.jar;C:\Users\malla\.m2\repository\com\google\ortools\ortools-linux-x86-64\9.7.2996\ortools-linux-x86-64-9.7.2996.jar;C:\Users\malla\.m2\repository\com\google\ortools\ortools-darwin-x86-64\9.7.2996\ortools-darwin-x86-64-9.7.2996.jar;C:\Users\malla\.m2\repository\com\google\ortools\ortools-win32-x86-64\9.7.2996\ortools-win32-x86-64-9.7.2996.jar;C:\Users\malla\.m2\repository\com\google\ortools\ortools-linux-aarch64\9.7.2996\ortools-linux-aarch64-9.7.2996.jar;C:\Users\malla\.m2\repository\com\google\ortools\ortools-darwin-aarch64\9.7.2996\ortools-darwin-aarch64-9.7.2996.jar;C:\Users\malla\.m2\repository\net\java\dev\jna\jna-platform\5.13.0\jna-platform-5.13.0.jar;C:\Users\malla\.m2\repository\net\java\dev\jna\jna\5.13.0\jna-5.13.0.jar;C:\Users\malla\.m2\repository\com\google\protobuf\protobuf-java\3.23.3\protobuf-java-3.23.3.jar;C:\Users\malla\.m2\repository\com\graphhopper\jsprit-core\1.8\jsprit-core-1.8.jar;C:\Users\malla\.m2\repository\org\apache\commons\commons-math3\3.4\commons-math3-3.4.jar;C:\Users\malla\.m2\repository\org\slf4j\slf4j-api\1.7.21\slf4j-api-1.7.21.jar;C:\Users\malla\.m2\repository\com\graphhopper\jsprit-analysis\1.8\jsprit-analysis-1.8.jar;C:\Users\malla\.m2\repository\org\jfree\jfreechart\1.0.19\jfreechart-1.0.19.jar;C:\Users\malla\.m2\repository\org\jfree\jcommon\1.0.23\jcommon-1.0.23.jar;C:\Users\malla\.m2\repository\org\graphstream\gs-core\1.3\gs-core-1.3.jar;C:\Users\malla\.m2\repository\junit\junit\4.12\junit-4.12.jar;C:\Users\malla\.m2\repository\org\hamcrest\hamcrest-core\1.3\hamcrest-core-1.3.jar;C:\Users\malla\.m2\repository\org\graphstream\pherd\1.0\pherd-1.0.jar;C:\Users\malla\.m2\repository\org\graphstream\mbox2\1.0\mbox2-1.0.jar;C:\Users\malla\.m2\repository\org\graphstream\gs-ui\1.3\gs-ui-1.3.jar;C:\Users\malla\.m2\repository\org\graphstream\gs-algo\1.3\gs-a
Launcher Type: SUN_STANDARD

[Global flags]
     intx CICompilerCount                          = 4                                         {product} {ergonomic}
     uint ConcGCThreads                            = 3                                         {product} {ergonomic}
     uint G1ConcRefinementThreads                  = 10                                        {product} {ergonomic}
   size_t G1HeapRegionSize                         = 1048576                                   {product} {ergonomic}
    uintx GCDrainStackTargetSize                   = 64                                        {product} {ergonomic}
   size_t InitialHeapSize                          = 132120576                                 {product} {ergonomic}
   size_t MarkStackSize                            = 4194304                                   {product} {ergonomic}
   size_t MaxHeapSize                              = 2086666240                                {product} {ergonomic}
   size_t MaxNewSize                               = 1251999744                                {product} {ergonomic}
   size_t MinHeapDeltaBytes                        = 1048576                                   {product} {ergonomic}
   size_t MinHeapSize                              = 8388608                                   {product} {ergonomic}
    uintx NonNMethodCodeHeapSize                   = 5839372                                {pd product} {ergonomic}
    uintx NonProfiledCodeHeapSize                  = 122909434                              {pd product} {ergonomic}
    uintx ProfiledCodeHeapSize                     = 122909434                              {pd product} {ergonomic}
    uintx ReservedCodeCacheSize                    = 251658240                              {pd product} {ergonomic}
     bool SegmentedCodeCache                       = true                                      {product} {ergonomic}
     bool ShowCodeDetailsInExceptionMessages       = true                                   {manageable} {command line}
   size_t SoftMaxHeapSize                          = 2086666240                             {manageable} {ergonomic}
     bool UseCompressedClassPointers               = true                           {product lp64_product} {ergonomic}
     bool UseCompressedOops                        = true                           {product lp64_product} {ergonomic}
     bool UseG1GC                                  = true                                      {product} {ergonomic}
     bool UseLargePagesIndividualAllocation        = false                                  {pd product} {ergonomic}

Logging:
Log output configuration:
 #0: stdout all=warning uptime,level,tags
 #1: stderr all=off uptime,level,tags

Environment Variables:
PATH=C:/Users/malla/.p2/pool/plugins/org.eclipse.justj.openjdk.hotspot.jre.full.win32.x86_64_17.0.8.v20230831-1047/jre/bin/server;C:/Users/malla/.p2/pool/plugins/org.eclipse.justj.openjdk.hotspot.jre.full.win32.x86_64_17.0.8.v20230831-1047/jre/bin;C:\Windows\system32;C:\Windows;C:\Windows\System32\Wbem;C:\Windows\System32\WindowsPowerShell\v1.0\;C:\Windows\System32\OpenSSH\;C:\Program Files (x86)\NVIDIA Corporation\PhysX\Common;C:\Program Files\NVIDIA Corporation\NVIDIA NvDLISR;C:\Program Files\Microsoft SQL Server\120\Tools\Binn\;C:\Program Files\Common Files\Autodesk Shared\;C:\Program Files\MATLAB\R2022b\bin;C:\Program Files\dotnet\;C:\Users\malla\AppData\Local\Programs\Python\Python311\Scripts\;C:\Users\malla\AppData\Local\Programs\Python\Python311\;C:\Users\malla\AppData\Local\Programs\Python\Launcher\;C:\Users\malla\AppData\Local\Microsoft\WindowsApps;;C:\Users\malla\Desktop;
USERNAME=malla
OS=Windows_NT
PROCESSOR_IDENTIFIER=Intel64 Family 6 Model 141 Stepping 1, GenuineIntel
TMP=C:\Users\malla\AppData\Local\Temp
TEMP=C:\Users\malla\AppData\Local\Temp



---------------  S Y S T E M  ---------------

OS:
 Windows 11 , 64 bit Build 22621 (10.0.22621.2428)
OS uptime: 4 days 17:03 hours
Hyper-V role detected

CPU: total 12 (initial active 12) (6 cores per cpu, 2 threads per core) family 6 model 141 stepping 1 microcode 0x3c, cx8, cmov, fxsr, ht, mmx, 3dnowpref, sse, sse2, sse3, ssse3, sse4.1, sse4.2, popcnt, lzcnt, tsc, tscinvbit, avx, avx2, aes, erms, clmul, bmi1, bmi2, adx, avx512f, avx512dq, avx512cd, avx512bw, avx512vl, sha, fma, vzeroupper, avx512_vpopcntdq, avx512_vpclmulqdq, avx512_vaes, avx512_vnni, clflush, clflushopt, clwb, avx512_vbmi2, avx512_vbmi, hv
Processor Information for processor 0
  Max Mhz: 2688, Current Mhz: 2688, Mhz Limit: 2688
Processor Information for processor 1
  Max Mhz: 2688, Current Mhz: 2688, Mhz Limit: 2688
Processor Information for processor 2
  Max Mhz: 2688, Current Mhz: 995, Mhz Limit: 2688
Processor Information for processor 3
  Max Mhz: 2688, Current Mhz: 995, Mhz Limit: 2688
Processor Information for processor 4
  Max Mhz: 2688, Current Mhz: 995, Mhz Limit: 2688
Processor Information for processor 5
  Max Mhz: 2688, Current Mhz: 2688, Mhz Limit: 2688
Processor Information for processor 6
  Max Mhz: 2688, Current Mhz: 2688, Mhz Limit: 2688
Processor Information for processor 7
  Max Mhz: 2688, Current Mhz: 2688, Mhz Limit: 2688
Processor Information for processor 8
  Max Mhz: 2688, Current Mhz: 2688, Mhz Limit: 2688
Processor Information for processor 9
  Max Mhz: 2688, Current Mhz: 2688, Mhz Limit: 2688
Processor Information for processor 10
  Max Mhz: 2688, Current Mhz: 2688, Mhz Limit: 2688
Processor Information for processor 11
  Max Mhz: 2688, Current Mhz: 2688, Mhz Limit: 2688

Memory: 4k page, system-wide physical 7955M (1135M free)
TotalPageFile size 23315M (AvailPageFile size 9531M)
current process WorkingSet (physical memory assigned to process): 69M, peak: 69M
current process commit charge ("private bytes"): 226M, peak: 226M

vm_info: OpenJDK 64-Bit Server VM (17.0.8.1+1) for windows-amd64 JRE (17.0.8.1+1), built on Aug 23 2023 15:29:17 by "admin" with MS VC++ 16.7 (VS2019)

END.
